127.0.0.1 - - [20/Jul/2017:20:02:23 -0400] "GET / HTTP/1.1" 200 875
::1 - - [20/Jul/2017:20:20:11 -0400] "GET / HTTP/1.1" 200 875
::1 - - [20/Jul/2017:20:20:12 -0400] "GET /wordpress/ HTTP/1.1" 200 17457
::1 - - [20/Jul/2017:20:20:13 -0400] "GET /wordpress/wp-content/themes/twentyseventeen/style.css?ver=4.8 HTTP/1.1" 200 15497
::1 - - [20/Jul/2017:20:20:13 -0400] "GET /wordpress/wp-includes/js/jquery/jquery-migrate.min.js?ver=1.4.1 HTTP/1.1" 200 4014
::1 - - [20/Jul/2017:20:20:13 -0400] "GET /wordpress/wp-content/themes/twentyseventeen/assets/js/skip-link-focus-fix.js?ver=1.0 HTTP/1.1" 200 416
::1 - - [20/Jul/2017:20:20:13 -0400] "GET /wordpress/wp-content/themes/twentyseventeen/assets/js/jquery.scrollTo.js?ver=2.1.2 HTTP/1.1" 200 2409
::1 - - [20/Jul/2017:20:20:13 -0400] "GET /wordpress/wp-content/themes/twentyseventeen/assets/js/global.js?ver=1.0 HTTP/1.1" 200 2606
::1 - - [20/Jul/2017:20:20:13 -0400] "GET /wordpress/wp-includes/js/jquery/jquery.js?ver=1.12.4 HTTP/1.1" 200 33766
::1 - - [20/Jul/2017:20:20:13 -0400] "GET /wordpress/wp-includes/js/wp-embed.min.js?ver=4.8 HTTP/1.1" 200 751
::1 - - [20/Jul/2017:20:20:13 -0400] "GET /wordpress/wp-content/themes/twentyseventeen/assets/images/header.jpg HTTP/1.1" 200 114854
::1 - - [20/Jul/2017:20:20:18 -0400] "GET /wordpress/wp-login.php HTTP/1.1" 200 1147
::1 - - [20/Jul/2017:20:20:19 -0400] "GET /wordpress/wp-admin/load-styles.php?c=0&dir=ltr&load%5B%5D=dashicons,buttons,forms,l10n,login&ver=4.8 HTTP/1.1" 200 36006
::1 - - [20/Jul/2017:20:20:20 -0400] "GET /wordpress/wp-admin/images/wordpress-logo.svg?ver=20131107 HTTP/1.1" 200 1521
::1 - - [20/Jul/2017:20:20:18 -0400] "POST /wordpress/wp-cron.php?doing_wp_cron=1500596418.9509620666503906250000 HTTP/1.1" 200 -
::1 - - [20/Jul/2017:20:20:25 -0400] "POST /wordpress/wp-login.php HTTP/1.1" 302 -
::1 - - [20/Jul/2017:20:20:25 -0400] "GET /wordpress/wp-admin/ HTTP/1.1" 200 14490
::1 - - [20/Jul/2017:20:20:26 -0400] "GET /wordpress/wp-includes/js/thickbox/thickbox.css?ver=4.8 HTTP/1.1" 200 932
::1 - - [20/Jul/2017:20:20:26 -0400] "GET /wordpress/wp-includes/css/editor.min.css?ver=4.8 HTTP/1.1" 200 5864
::1 - - [20/Jul/2017:20:20:26 -0400] "GET /wordpress/wp-admin/load-scripts.php?c=0&load%5B%5D=jquery-core,jquery-migrate,utils&ver=4.8 HTTP/1.1" 200 37813
::1 - - [20/Jul/2017:20:20:26 -0400] "GET /wordpress/wp-admin/load-styles.php?c=0&dir=ltr&load%5B%5D=dashicons,admin-bar,common,forms,admin-menu,dashboard,list-tables,edit,revisions,media,themes,about,nav-menus,widgets,site-icon,&load%5B%5D=l10n,buttons,wp-auth-check&ver=4.8 HTTP/1.1" 200 81703
::1 - - [20/Jul/2017:20:20:26 -0400] "GET /wordpress/wp-admin/load-scripts.php?c=0&load%5B%5D=hoverIntent,common,admin-bar,wp-ajax-response,jquery-color,wp-lists,quicktags,jquery-query,admin-comments,jquery-ui-core,jquery-&load%5B%5D=ui-widget,jquery-ui-mouse,jquery-ui-sortable,postbox,underscore,wp-util,wp-a11y,dashboard,customize-base,customize-loader,thickb&load%5B%5D=ox,plugin-install,updates,shortcode,media-upload,svg-painter,heartbeat,wp-auth-check,wplink,jquery-ui-position,jquery-ui-menu,jq&load%5B%5D=uery-ui-autocomplete&ver=4.8 HTTP/1.1" 200 73144
::1 - - [20/Jul/2017:20:20:26 -0400] "GET /wordpress/wp-includes/js/thickbox/loadingAnimation.gif HTTP/1.1" 200 15238
::1 - - [20/Jul/2017:20:20:26 -0400] "POST /wordpress/wp-cron.php?doing_wp_cron=1500596426.5014879703521728515625 HTTP/1.1" 200 -
::1 - - [20/Jul/2017:20:20:26 -0400] "GET /wordpress/wp-admin/admin-ajax.php?action=wp-compression-test&test=1&_ajax_nonce=c2cbb033ce&1500596426375 HTTP/1.1" 200 574
::1 - - [20/Jul/2017:20:20:26 -0400] "GET /wordpress/wp-admin/admin-ajax.php?action=wp-compression-test&test=no&_ajax_nonce=c2cbb033ce&1500596426547 HTTP/1.1" 200 1
::1 - - [20/Jul/2017:20:20:26 -0400] "POST /wordpress/wp-admin/admin-ajax.php HTTP/1.1" 200 1281
::1 - - [20/Jul/2017:20:20:26 -0400] "GET /wordpress/wp-admin/admin-ajax.php?action=dashboard-widgets&widget=dashboard_primary&pagenow=dashboard HTTP/1.1" 200 423
::1 - - [20/Jul/2017:20:20:32 -0400] "GET /wordpress/wp-admin/users.php HTTP/1.1" 200 8093
::1 - - [20/Jul/2017:20:20:32 -0400] "GET /wordpress/wp-admin/load-styles.php?c=0&dir=ltr&load%5B%5D=dashicons,admin-bar,common,forms,admin-menu,dashboard,list-tables,edit,revisions,media,themes,about,nav-menus,widgets,site-icon,&load%5B%5D=l10n,buttons,wp-auth-check&ver=4.8 HTTP/1.1" 304 -
::1 - - [20/Jul/2017:20:20:32 -0400] "GET /wordpress/wp-admin/load-scripts.php?c=0&load%5B%5D=jquery-core,jquery-migrate,utils&ver=4.8 HTTP/1.1" 304 -
::1 - - [20/Jul/2017:20:20:32 -0400] "GET /wordpress/wp-admin/load-scripts.php?c=0&load%5B%5D=hoverIntent,common,admin-bar,svg-painter,heartbeat,wp-auth-check&ver=4.8 HTTP/1.1" 200 11023
::1 - - [20/Jul/2017:20:20:34 -0400] "GET /wordpress/wp-admin/user-new.php HTTP/1.1" 200 7539
::1 - - [20/Jul/2017:20:20:34 -0400] "GET /wordpress/wp-admin/load-styles.php?c=0&dir=ltr&load%5B%5D=dashicons,admin-bar,common,forms,admin-menu,dashboard,list-tables,edit,revisions,media,themes,about,nav-menus,widgets,site-icon,&load%5B%5D=l10n,buttons,wp-auth-check&ver=4.8 HTTP/1.1" 304 -
::1 - - [20/Jul/2017:20:20:34 -0400] "GET /wordpress/wp-admin/load-scripts.php?c=0&load%5B%5D=jquery-core,jquery-migrate,utils,zxcvbn-async&ver=4.8 HTTP/1.1" 200 37906
::1 - - [20/Jul/2017:20:20:34 -0400] "GET /wordpress/wp-admin/load-scripts.php?c=0&load%5B%5D=hoverIntent,common,admin-bar,wp-ajax-response,password-strength-meter,underscore,wp-util,user-profile,svg-painter,heartbeat,wp-a&load%5B%5D=uth-check&ver=4.8 HTTP/1.1" 200 20001
::1 - - [20/Jul/2017:20:20:34 -0400] "GET /wordpress/wp-includes/js/zxcvbn.min.js HTTP/1.1" 200 399635
::1 - - [20/Jul/2017:20:20:40 -0400] "POST /wordpress/wp-admin/admin-ajax.php HTTP/1.1" 200 50
::1 - - [20/Jul/2017:20:20:42 -0400] "GET /wordpress/wp-admin/users.php HTTP/1.1" 200 8093
::1 - - [20/Jul/2017:20:20:42 -0400] "GET /wordpress/wp-admin/load-styles.php?c=0&dir=ltr&load%5B%5D=dashicons,admin-bar,common,forms,admin-menu,dashboard,list-tables,edit,revisions,media,themes,about,nav-menus,widgets,site-icon,&load%5B%5D=l10n,buttons,wp-auth-check&ver=4.8 HTTP/1.1" 304 -
::1 - - [20/Jul/2017:20:20:42 -0400] "GET /wordpress/wp-admin/load-scripts.php?c=0&load%5B%5D=jquery-core,jquery-migrate,utils&ver=4.8 HTTP/1.1" 304 -
::1 - - [20/Jul/2017:20:20:42 -0400] "GET /wordpress/wp-admin/load-scripts.php?c=0&load%5B%5D=hoverIntent,common,admin-bar,svg-painter,heartbeat,wp-auth-check&ver=4.8 HTTP/1.1" 304 -
::1 - - [20/Jul/2017:20:20:46 -0400] "GET /wordpress/wp-admin/profile.php?wp_http_referer=%2Fwordpress%2Fwp-admin%2Fusers.php HTTP/1.1" 200 9276
::1 - - [20/Jul/2017:20:20:46 -0400] "GET /wordpress/wp-admin/load-styles.php?c=0&dir=ltr&load%5B%5D=dashicons,admin-bar,common,forms,admin-menu,dashboard,list-tables,edit,revisions,media,themes,about,nav-menus,widgets,site-icon,&load%5B%5D=l10n,buttons,wp-auth-check&ver=4.8 HTTP/1.1" 304 -
::1 - - [20/Jul/2017:20:20:46 -0400] "GET /wordpress/wp-admin/load-scripts.php?c=0&load%5B%5D=jquery-core,jquery-migrate,utils,zxcvbn-async&ver=4.8 HTTP/1.1" 304 -
::1 - - [20/Jul/2017:20:20:46 -0400] "GET /wordpress/wp-admin/load-scripts.php?c=0&load%5B%5D=hoverIntent,common,admin-bar,password-strength-meter,underscore,wp-util,user-profile,svg-painter,heartbeat,wp-auth-check&ver=4.8 HTTP/1.1" 200 19297
::1 - - [20/Jul/2017:20:20:46 -0400] "GET /wordpress/wp-includes/js/zxcvbn.min.js HTTP/1.1" 200 399635
::1 - - [20/Jul/2017:20:20:57 -0400] "GET /wordpress/wp-admin/edit.php?post_type=page HTTP/1.1" 200 9906
::1 - - [20/Jul/2017:20:20:58 -0400] "GET /wordpress/wp-admin/load-styles.php?c=0&dir=ltr&load%5B%5D=dashicons,admin-bar,common,forms,admin-menu,dashboard,list-tables,edit,revisions,media,themes,about,nav-menus,widgets,site-icon,&load%5B%5D=l10n,buttons,wp-auth-check&ver=4.8 HTTP/1.1" 304 -
::1 - - [20/Jul/2017:20:20:58 -0400] "GET /wordpress/wp-admin/load-scripts.php?c=0&load%5B%5D=jquery-core,jquery-migrate,utils&ver=4.8 HTTP/1.1" 304 -
::1 - - [20/Jul/2017:20:20:58 -0400] "GET /wordpress/wp-admin/load-scripts.php?c=0&load%5B%5D=hoverIntent,common,admin-bar,jquery-ui-core,jquery-ui-widget,jquery-ui-position,jquery-ui-menu,wp-a11y,jquery-ui-autocomplete,ta&load%5B%5D=gs-suggest,inline-edit-post,heartbeat,svg-painter,wp-auth-check&ver=4.8 HTTP/1.1" 200 24330
::1 - - [20/Jul/2017:20:20:58 -0400] "POST /wordpress/wp-admin/admin-ajax.php HTTP/1.1" 200 47
::1 - - [20/Jul/2017:20:20:59 -0400] "GET /wordpress/wp-admin/post.php?post=2&action=edit HTTP/1.1" 200 26665
::1 - - [20/Jul/2017:20:20:59 -0400] "GET /wordpress/wp-includes/js/thickbox/thickbox.css?ver=4.8 HTTP/1.1" 200 932
::1 - - [20/Jul/2017:20:20:59 -0400] "GET /wordpress/wp-includes/js/mediaelement/mediaelementplayer.min.css?ver=2.22.0 HTTP/1.1" 200 3213
::1 - - [20/Jul/2017:20:20:59 -0400] "GET /wordpress/wp-includes/js/mediaelement/wp-mediaelement.min.css?ver=4.8 HTTP/1.1" 200 1134
::1 - - [20/Jul/2017:20:20:59 -0400] "GET /wordpress/wp-includes/js/imgareaselect/imgareaselect.css?ver=0.9.8 HTTP/1.1" 200 265
::1 - - [20/Jul/2017:20:20:59 -0400] "GET /wordpress/wp-includes/css/editor.min.css?ver=4.8 HTTP/1.1" 200 5864
::1 - - [20/Jul/2017:20:20:59 -0400] "GET /wordpress/wp-includes/js/tinymce/plugins/compat3x/plugin.min.js?ver=4603-20170530 HTTP/1.1" 200 1767
::1 - - [20/Jul/2017:20:20:59 -0400] "GET /wordpress/wp-admin/load-styles.php?c=0&dir=ltr&load%5B%5D=dashicons,admin-bar,buttons,media-views,common,forms,admin-menu,dashboard,list-tables,edit,revisions,media,themes,about,nav-menu&load%5B%5D=s,widgets,site-icon,l10n,wp-auth-check&ver=4.8 HTTP/1.1" 200 88773
::1 - - [20/Jul/2017:20:20:59 -0400] "GET /wordpress/wp-admin/load-scripts.php?c=0&load%5B%5D=jquery-core,jquery-migrate,utils,plupload&ver=4.8 HTTP/1.1" 200 73768
::1 - - [20/Jul/2017:20:20:59 -0400] "GET /wordpress/wp-includes/js/tinymce/tinymce.min.js?ver=4603-20170530 HTTP/1.1" 200 153446
::1 - - [20/Jul/2017:20:20:59 -0400] "GET /wordpress/wp-admin/load-scripts.php?c=0&load%5B%5D=hoverIntent,common,admin-bar,heartbeat,autosave,wp-ajax-response,jquery-color,wp-lists,quicktags,jquery-query,admin-comments,sug&load%5B%5D=gest,jquery-ui-core,jquery-ui-widget,jquery-ui-mouse,jquery-ui-sortable,postbox,jquery-ui-position,jquery-ui-menu,wp-a11y,jquery&load%5B%5D=-ui-autocomplete,tags-suggest,tags-box,underscore,word-count,post,editor-expand,thickbox,shortcode,backbone,wp-util,wp-backbone,&load%5B%5D=media-models,wp-plupload,mediaelement,wp-mediaelement,media-views,media-editor,media-audiovideo,mce-view,imgareaselect,image-edi&load%5B%5D=t,svg-painter,wp-auth-check,editor,wplink,media-upload,wp-embed&ver=4.8 HTTP/1.1" 200 153912
::1 - - [20/Jul/2017:20:20:59 -0400] "GET /wordpress/wp-admin/images/spinner.gif HTTP/1.1" 200 4162
::1 - - [20/Jul/2017:20:21:00 -0400] "GET /wordpress/wp-includes/js/tinymce/themes/modern/theme.min.js?wp-mce-4603-20170530 HTTP/1.1" 200 5239
::1 - - [20/Jul/2017:20:21:00 -0400] "GET /wordpress/wp-includes/js/tinymce/plugins/colorpicker/plugin.min.js?wp-mce-4603-20170530 HTTP/1.1" 200 1017
::1 - - [20/Jul/2017:20:21:00 -0400] "GET /wordpress/wp-includes/js/tinymce/plugins/charmap/plugin.min.js?wp-mce-4603-20170530 HTTP/1.1" 200 3536
::1 - - [20/Jul/2017:20:21:00 -0400] "GET /wordpress/wp-includes/js/tinymce/plugins/lists/plugin.min.js?wp-mce-4603-20170530 HTTP/1.1" 200 4823
::1 - - [20/Jul/2017:20:21:00 -0400] "GET /wordpress/wp-includes/js/tinymce/plugins/paste/plugin.min.js?wp-mce-4603-20170530 HTTP/1.1" 200 8025
::1 - - [20/Jul/2017:20:21:00 -0400] "GET /wordpress/wp-includes/js/tinymce/plugins/media/plugin.min.js?wp-mce-4603-20170530 HTTP/1.1" 200 5896
::1 - - [20/Jul/2017:20:21:00 -0400] "GET /wordpress/wp-includes/js/tinymce/plugins/fullscreen/plugin.min.js?wp-mce-4603-20170530 HTTP/1.1" 200 1140
::1 - - [20/Jul/2017:20:21:00 -0400] "GET /wordpress/wp-includes/js/tinymce/plugins/textcolor/plugin.min.js?wp-mce-4603-20170530 HTTP/1.1" 200 2183
::1 - - [20/Jul/2017:20:21:00 -0400] "GET /wordpress/wp-includes/js/tinymce/plugins/wpautoresize/plugin.min.js?wp-mce-4603-20170530 HTTP/1.1" 200 933
::1 - - [20/Jul/2017:20:21:00 -0400] "GET /wordpress/wp-includes/js/tinymce/plugins/wordpress/plugin.min.js?wp-mce-4603-20170530 HTTP/1.1" 200 5723
::1 - - [20/Jul/2017:20:21:00 -0400] "GET /wordpress/wp-includes/js/tinymce/plugins/wpeditimage/plugin.min.js?wp-mce-4603-20170530 HTTP/1.1" 200 5195
::1 - - [20/Jul/2017:20:21:00 -0400] "GET /wordpress/wp-includes/js/tinymce/plugins/wpgallery/plugin.min.js?wp-mce-4603-20170530 HTTP/1.1" 200 763
::1 - - [20/Jul/2017:20:21:00 -0400] "GET /wordpress/wp-includes/js/tinymce/plugins/wpdialogs/plugin.min.js?wp-mce-4603-20170530 HTTP/1.1" 200 649
::1 - - [20/Jul/2017:20:21:00 -0400] "GET /wordpress/wp-includes/js/tinymce/plugins/wpemoji/plugin.min.js?wp-mce-4603-20170530 HTTP/1.1" 200 751
::1 - - [20/Jul/2017:20:21:00 -0400] "GET /wordpress/wp-includes/js/tinymce/plugins/wplink/plugin.min.js?wp-mce-4603-20170530 HTTP/1.1" 200 3307
::1 - - [20/Jul/2017:20:21:00 -0400] "GET /wordpress/wp-includes/js/tinymce/plugins/hr/plugin.min.js?wp-mce-4603-20170530 HTTP/1.1" 200 600
::1 - - [20/Jul/2017:20:21:00 -0400] "GET /wordpress/wp-includes/js/tinymce/plugins/tabfocus/plugin.min.js?wp-mce-4603-20170530 HTTP/1.1" 200 1152
::1 - - [20/Jul/2017:20:21:00 -0400] "GET /wordpress/wp-includes/js/tinymce/plugins/wptextpattern/plugin.min.js?wp-mce-4603-20170530 HTTP/1.1" 200 1424
::1 - - [20/Jul/2017:20:21:00 -0400] "GET /wordpress/wp-includes/js/tinymce/plugins/wpview/plugin.min.js?wp-mce-4603-20170530 HTTP/1.1" 200 1136
::1 - - [20/Jul/2017:20:21:00 -0400] "GET /wordpress/wp-includes/js/tinymce/skins/lightgray/skin.min.css?wp-mce-4603-20170530 HTTP/1.1" 200 7993
::1 - - [20/Jul/2017:20:21:00 -0400] "GET /wordpress/wp-includes/js/tinymce/skins/lightgray/content.min.css?wp-mce-4603-20170530 HTTP/1.1" 200 1230
::1 - - [20/Jul/2017:20:21:00 -0400] "GET /wordpress/wp-includes/js/tinymce/skins/wordpress/wp-content.css?ver=4.8&wp-mce-4603-20170530 HTTP/1.1" 200 2692
::1 - - [20/Jul/2017:20:21:00 -0400] "GET /wordpress/wp-includes/css/dashicons.min.css?ver=4.8&wp-mce-4603-20170530 HTTP/1.1" 200 28612
::1 - - [20/Jul/2017:20:21:00 -0400] "GET /wordpress/wp-content/themes/twentyseventeen/assets/css/editor-style.css?wp-mce-4603-20170530 HTTP/1.1" 200 2331
::1 - - [20/Jul/2017:20:21:09 -0400] "POST /wordpress/wp-admin/post.php HTTP/1.1" 302 -
::1 - - [20/Jul/2017:20:21:10 -0400] "GET /wordpress/wp-admin/post.php?post=2&action=edit&message=1 HTTP/1.1" 200 26792
::1 - - [20/Jul/2017:20:21:10 -0400] "GET /wordpress/wp-admin/load-styles.php?c=0&dir=ltr&load%5B%5D=dashicons,admin-bar,buttons,media-views,common,forms,admin-menu,dashboard,list-tables,edit,revisions,media,themes,about,nav-menu&load%5B%5D=s,widgets,site-icon,l10n,wp-auth-check&ver=4.8 HTTP/1.1" 304 -
::1 - - [20/Jul/2017:20:21:10 -0400] "GET /wordpress/wp-includes/js/thickbox/thickbox.css?ver=4.8 HTTP/1.1" 200 932
::1 - - [20/Jul/2017:20:21:10 -0400] "GET /wordpress/wp-includes/js/mediaelement/mediaelementplayer.min.css?ver=2.22.0 HTTP/1.1" 200 3213
::1 - - [20/Jul/2017:20:21:10 -0400] "GET /wordpress/wp-includes/js/imgareaselect/imgareaselect.css?ver=0.9.8 HTTP/1.1" 200 265
::1 - - [20/Jul/2017:20:21:10 -0400] "GET /wordpress/wp-includes/js/mediaelement/wp-mediaelement.min.css?ver=4.8 HTTP/1.1" 200 1134
::1 - - [20/Jul/2017:20:21:10 -0400] "GET /wordpress/wp-admin/load-scripts.php?c=0&load%5B%5D=jquery-core,jquery-migrate,utils,plupload&ver=4.8 HTTP/1.1" 304 -
::1 - - [20/Jul/2017:20:21:10 -0400] "GET /wordpress/wp-includes/css/editor.min.css?ver=4.8 HTTP/1.1" 200 5864
::1 - - [20/Jul/2017:20:21:10 -0400] "GET /wordpress/wp-admin/load-scripts.php?c=0&load%5B%5D=hoverIntent,common,admin-bar,heartbeat,autosave,wp-ajax-response,jquery-color,wp-lists,quicktags,jquery-query,admin-comments,sug&load%5B%5D=gest,jquery-ui-core,jquery-ui-widget,jquery-ui-mouse,jquery-ui-sortable,postbox,jquery-ui-position,jquery-ui-menu,wp-a11y,jquery&load%5B%5D=-ui-autocomplete,tags-suggest,tags-box,underscore,word-count,post,editor-expand,thickbox,shortcode,backbone,wp-util,wp-backbone,&load%5B%5D=media-models,wp-plupload,mediaelement,wp-mediaelement,media-views,media-editor,media-audiovideo,mce-view,imgareaselect,image-edi&load%5B%5D=t,svg-painter,wp-auth-check,editor,wplink,media-upload,wp-embed&ver=4.8 HTTP/1.1" 304 -
::1 - - [20/Jul/2017:20:21:10 -0400] "GET /wordpress/wp-includes/js/tinymce/plugins/compat3x/plugin.min.js?ver=4603-20170530 HTTP/1.1" 200 1767
::1 - - [20/Jul/2017:20:21:10 -0400] "GET /wordpress/wp-includes/js/tinymce/tinymce.min.js?ver=4603-20170530 HTTP/1.1" 200 153446
::1 - - [20/Jul/2017:20:21:10 -0400] "GET /wordpress/wp-includes/js/tinymce/themes/modern/theme.min.js?wp-mce-4603-20170530 HTTP/1.1" 200 5239
::1 - - [20/Jul/2017:20:21:10 -0400] "GET /wordpress/wp-includes/js/tinymce/plugins/charmap/plugin.min.js?wp-mce-4603-20170530 HTTP/1.1" 200 3536
::1 - - [20/Jul/2017:20:21:10 -0400] "GET /wordpress/wp-includes/js/tinymce/plugins/media/plugin.min.js?wp-mce-4603-20170530 HTTP/1.1" 200 5896
::1 - - [20/Jul/2017:20:21:10 -0400] "GET /wordpress/wp-includes/js/tinymce/plugins/lists/plugin.min.js?wp-mce-4603-20170530 HTTP/1.1" 200 4823
::1 - - [20/Jul/2017:20:21:10 -0400] "GET /wordpress/wp-includes/js/tinymce/plugins/colorpicker/plugin.min.js?wp-mce-4603-20170530 HTTP/1.1" 200 1017
::1 - - [20/Jul/2017:20:21:10 -0400] "GET /wordpress/wp-includes/js/tinymce/plugins/paste/plugin.min.js?wp-mce-4603-20170530 HTTP/1.1" 200 8025
::1 - - [20/Jul/2017:20:21:10 -0400] "GET /wordpress/wp-includes/js/tinymce/plugins/tabfocus/plugin.min.js?wp-mce-4603-20170530 HTTP/1.1" 200 1152
::1 - - [20/Jul/2017:20:21:10 -0400] "GET /wordpress/wp-includes/js/tinymce/plugins/textcolor/plugin.min.js?wp-mce-4603-20170530 HTTP/1.1" 200 2183
::1 - - [20/Jul/2017:20:21:10 -0400] "GET /wordpress/wp-includes/js/tinymce/plugins/hr/plugin.min.js?wp-mce-4603-20170530 HTTP/1.1" 200 600
::1 - - [20/Jul/2017:20:21:10 -0400] "GET /wordpress/wp-includes/js/tinymce/plugins/fullscreen/plugin.min.js?wp-mce-4603-20170530 HTTP/1.1" 200 1140
::1 - - [20/Jul/2017:20:21:10 -0400] "GET /wordpress/wp-includes/js/tinymce/plugins/wordpress/plugin.min.js?wp-mce-4603-20170530 HTTP/1.1" 200 5723
::1 - - [20/Jul/2017:20:21:10 -0400] "GET /wordpress/wp-includes/js/tinymce/plugins/wpautoresize/plugin.min.js?wp-mce-4603-20170530 HTTP/1.1" 200 933
::1 - - [20/Jul/2017:20:21:10 -0400] "GET /wordpress/wp-includes/js/tinymce/plugins/wpemoji/plugin.min.js?wp-mce-4603-20170530 HTTP/1.1" 200 751
::1 - - [20/Jul/2017:20:21:10 -0400] "GET /wordpress/wp-includes/js/tinymce/plugins/wpeditimage/plugin.min.js?wp-mce-4603-20170530 HTTP/1.1" 200 5195
::1 - - [20/Jul/2017:20:21:10 -0400] "GET /wordpress/wp-includes/js/tinymce/plugins/wpdialogs/plugin.min.js?wp-mce-4603-20170530 HTTP/1.1" 200 649
::1 - - [20/Jul/2017:20:21:10 -0400] "GET /wordpress/wp-includes/js/tinymce/plugins/wptextpattern/plugin.min.js?wp-mce-4603-20170530 HTTP/1.1" 200 1424
::1 - - [20/Jul/2017:20:21:10 -0400] "GET /wordpress/wp-includes/js/tinymce/plugins/wpview/plugin.min.js?wp-mce-4603-20170530 HTTP/1.1" 200 1136
::1 - - [20/Jul/2017:20:21:10 -0400] "GET /wordpress/wp-includes/js/tinymce/plugins/wpgallery/plugin.min.js?wp-mce-4603-20170530 HTTP/1.1" 200 763
::1 - - [20/Jul/2017:20:21:10 -0400] "GET /wordpress/wp-includes/js/tinymce/plugins/wplink/plugin.min.js?wp-mce-4603-20170530 HTTP/1.1" 200 3307
::1 - - [20/Jul/2017:20:21:10 -0400] "GET /wordpress/wp-admin/admin-ajax.php?action=oembed-cache&post=2 HTTP/1.1" 200 1
::1 - - [20/Jul/2017:20:21:10 -0400] "GET /wordpress/wp-includes/js/tinymce/skins/lightgray/skin.min.css?wp-mce-4603-20170530 HTTP/1.1" 200 7993
::1 - - [20/Jul/2017:20:21:10 -0400] "GET /wordpress/wp-includes/js/tinymce/skins/lightgray/content.min.css?wp-mce-4603-20170530 HTTP/1.1" 200 1230
::1 - - [20/Jul/2017:20:21:10 -0400] "GET /wordpress/wp-includes/js/tinymce/skins/wordpress/wp-content.css?ver=4.8&wp-mce-4603-20170530 HTTP/1.1" 200 2692
::1 - - [20/Jul/2017:20:21:10 -0400] "GET /wordpress/wp-includes/css/dashicons.min.css?ver=4.8&wp-mce-4603-20170530 HTTP/1.1" 200 28612
::1 - - [20/Jul/2017:20:21:10 -0400] "GET /wordpress/wp-content/themes/twentyseventeen/assets/css/editor-style.css?wp-mce-4603-20170530 HTTP/1.1" 200 2331
::1 - - [20/Jul/2017:20:21:18 -0400] "GET /wordpress/wp-admin/index.php HTTP/1.1" 200 14796
::1 - - [20/Jul/2017:20:21:18 -0400] "GET /wordpress/wp-admin/load-styles.php?c=0&dir=ltr&load%5B%5D=dashicons,admin-bar,common,forms,admin-menu,dashboard,list-tables,edit,revisions,media,themes,about,nav-menus,widgets,site-icon,&load%5B%5D=l10n,buttons,wp-auth-check&ver=4.8 HTTP/1.1" 304 -
::1 - - [20/Jul/2017:20:21:18 -0400] "GET /wordpress/wp-admin/load-scripts.php?c=0&load%5B%5D=jquery-core,jquery-migrate,utils&ver=4.8 HTTP/1.1" 304 -
::1 - - [20/Jul/2017:20:21:18 -0400] "POST /wordpress/wp-admin/admin-ajax.php HTTP/1.1" 200 1
::1 - - [20/Jul/2017:20:21:18 -0400] "GET /wordpress/wp-includes/js/thickbox/thickbox.css?ver=4.8 HTTP/1.1" 200 932
::1 - - [20/Jul/2017:20:21:18 -0400] "GET /wordpress/wp-admin/load-scripts.php?c=0&load%5B%5D=hoverIntent,common,admin-bar,wp-ajax-response,jquery-color,wp-lists,quicktags,jquery-query,admin-comments,jquery-ui-core,jquery-&load%5B%5D=ui-widget,jquery-ui-mouse,jquery-ui-sortable,postbox,underscore,wp-util,wp-a11y,dashboard,customize-base,customize-loader,thickb&load%5B%5D=ox,plugin-install,updates,shortcode,media-upload,svg-painter,heartbeat,wp-auth-check,wplink,jquery-ui-position,jquery-ui-menu,jq&load%5B%5D=uery-ui-autocomplete&ver=4.8 HTTP/1.1" 304 -
::1 - - [20/Jul/2017:20:21:18 -0400] "GET /wordpress/wp-includes/css/editor.min.css?ver=4.8 HTTP/1.1" 200 5864
::1 - - [20/Jul/2017:20:21:22 -0400] "GET /wordpress/wp-admin/edit.php?post_type=page HTTP/1.1" 200 9905
::1 - - [20/Jul/2017:20:21:22 -0400] "GET /wordpress/wp-admin/load-styles.php?c=0&dir=ltr&load%5B%5D=dashicons,admin-bar,common,forms,admin-menu,dashboard,list-tables,edit,revisions,media,themes,about,nav-menus,widgets,site-icon,&load%5B%5D=l10n,buttons,wp-auth-check&ver=4.8 HTTP/1.1" 304 -
::1 - - [20/Jul/2017:20:21:22 -0400] "GET /wordpress/wp-admin/load-scripts.php?c=0&load%5B%5D=jquery-core,jquery-migrate,utils&ver=4.8 HTTP/1.1" 304 -
::1 - - [20/Jul/2017:20:21:22 -0400] "GET /wordpress/wp-admin/load-scripts.php?c=0&load%5B%5D=hoverIntent,common,admin-bar,jquery-ui-core,jquery-ui-widget,jquery-ui-position,jquery-ui-menu,wp-a11y,jquery-ui-autocomplete,ta&load%5B%5D=gs-suggest,inline-edit-post,heartbeat,svg-painter,wp-auth-check&ver=4.8 HTTP/1.1" 304 -
::1 - - [20/Jul/2017:20:21:22 -0400] "POST /wordpress/wp-admin/admin-ajax.php HTTP/1.1" 200 47
::1 - - [20/Jul/2017:20:21:24 -0400] "GET /wordpress/wp-admin/post.php?post=2&action=edit HTTP/1.1" 200 26679
::1 - - [20/Jul/2017:20:21:24 -0400] "GET /wordpress/wp-admin/load-styles.php?c=0&dir=ltr&load%5B%5D=dashicons,admin-bar,buttons,media-views,common,forms,admin-menu,dashboard,list-tables,edit,revisions,media,themes,about,nav-menu&load%5B%5D=s,widgets,site-icon,l10n,wp-auth-check&ver=4.8 HTTP/1.1" 304 -
::1 - - [20/Jul/2017:20:21:24 -0400] "GET /wordpress/wp-includes/js/thickbox/thickbox.css?ver=4.8 HTTP/1.1" 200 932
::1 - - [20/Jul/2017:20:21:24 -0400] "GET /wordpress/wp-admin/load-scripts.php?c=0&load%5B%5D=jquery-core,jquery-migrate,utils,plupload&ver=4.8 HTTP/1.1" 304 -
::1 - - [20/Jul/2017:20:21:24 -0400] "GET /wordpress/wp-includes/css/editor.min.css?ver=4.8 HTTP/1.1" 200 5864
::1 - - [20/Jul/2017:20:21:24 -0400] "GET /wordpress/wp-includes/js/mediaelement/wp-mediaelement.min.css?ver=4.8 HTTP/1.1" 200 1134
::1 - - [20/Jul/2017:20:21:24 -0400] "GET /wordpress/wp-includes/js/imgareaselect/imgareaselect.css?ver=0.9.8 HTTP/1.1" 200 265
::1 - - [20/Jul/2017:20:21:24 -0400] "GET /wordpress/wp-includes/js/mediaelement/mediaelementplayer.min.css?ver=2.22.0 HTTP/1.1" 200 3213
::1 - - [20/Jul/2017:20:21:24 -0400] "GET /wordpress/wp-admin/load-scripts.php?c=0&load%5B%5D=hoverIntent,common,admin-bar,heartbeat,autosave,wp-ajax-response,jquery-color,wp-lists,quicktags,jquery-query,admin-comments,sug&load%5B%5D=gest,jquery-ui-core,jquery-ui-widget,jquery-ui-mouse,jquery-ui-sortable,postbox,jquery-ui-position,jquery-ui-menu,wp-a11y,jquery&load%5B%5D=-ui-autocomplete,tags-suggest,tags-box,underscore,word-count,post,editor-expand,thickbox,shortcode,backbone,wp-util,wp-backbone,&load%5B%5D=media-models,wp-plupload,mediaelement,wp-mediaelement,media-views,media-editor,media-audiovideo,mce-view,imgareaselect,image-edi&load%5B%5D=t,svg-painter,wp-auth-check,editor,wplink,media-upload,wp-embed&ver=4.8 HTTP/1.1" 304 -
::1 - - [20/Jul/2017:20:21:24 -0400] "GET /wordpress/wp-includes/js/tinymce/plugins/compat3x/plugin.min.js?ver=4603-20170530 HTTP/1.1" 200 1767
::1 - - [20/Jul/2017:20:21:24 -0400] "GET /wordpress/wp-includes/js/tinymce/tinymce.min.js?ver=4603-20170530 HTTP/1.1" 200 153446
::1 - - [20/Jul/2017:20:21:24 -0400] "GET /wordpress/wp-includes/js/tinymce/themes/modern/theme.min.js?wp-mce-4603-20170530 HTTP/1.1" 200 5239
::1 - - [20/Jul/2017:20:21:24 -0400] "GET /wordpress/wp-includes/js/tinymce/plugins/colorpicker/plugin.min.js?wp-mce-4603-20170530 HTTP/1.1" 200 1017
::1 - - [20/Jul/2017:20:21:24 -0400] "GET /wordpress/wp-includes/js/tinymce/plugins/media/plugin.min.js?wp-mce-4603-20170530 HTTP/1.1" 200 5896
::1 - - [20/Jul/2017:20:21:24 -0400] "GET /wordpress/wp-includes/js/tinymce/plugins/lists/plugin.min.js?wp-mce-4603-20170530 HTTP/1.1" 200 4823
::1 - - [20/Jul/2017:20:21:24 -0400] "GET /wordpress/wp-includes/js/tinymce/plugins/tabfocus/plugin.min.js?wp-mce-4603-20170530 HTTP/1.1" 200 1152
::1 - - [20/Jul/2017:20:21:24 -0400] "GET /wordpress/wp-includes/js/tinymce/plugins/charmap/plugin.min.js?wp-mce-4603-20170530 HTTP/1.1" 200 3536
::1 - - [20/Jul/2017:20:21:24 -0400] "GET /wordpress/wp-includes/js/tinymce/plugins/hr/plugin.min.js?wp-mce-4603-20170530 HTTP/1.1" 200 600
::1 - - [20/Jul/2017:20:21:24 -0400] "GET /wordpress/wp-includes/js/tinymce/plugins/fullscreen/plugin.min.js?wp-mce-4603-20170530 HTTP/1.1" 200 1140
::1 - - [20/Jul/2017:20:21:24 -0400] "GET /wordpress/wp-includes/js/tinymce/plugins/wpautoresize/plugin.min.js?wp-mce-4603-20170530 HTTP/1.1" 200 933
::1 - - [20/Jul/2017:20:21:24 -0400] "GET /wordpress/wp-includes/js/tinymce/plugins/wordpress/plugin.min.js?wp-mce-4603-20170530 HTTP/1.1" 200 5723
::1 - - [20/Jul/2017:20:21:24 -0400] "GET /wordpress/wp-includes/js/tinymce/plugins/wpeditimage/plugin.min.js?wp-mce-4603-20170530 HTTP/1.1" 200 5195
::1 - - [20/Jul/2017:20:21:24 -0400] "GET /wordpress/wp-includes/js/tinymce/plugins/wpemoji/plugin.min.js?wp-mce-4603-20170530 HTTP/1.1" 200 751
::1 - - [20/Jul/2017:20:21:24 -0400] "GET /wordpress/wp-includes/js/tinymce/plugins/wpgallery/plugin.min.js?wp-mce-4603-20170530 HTTP/1.1" 200 763
::1 - - [20/Jul/2017:20:21:24 -0400] "GET /wordpress/wp-includes/js/tinymce/plugins/wptextpattern/plugin.min.js?wp-mce-4603-20170530 HTTP/1.1" 200 1424
::1 - - [20/Jul/2017:20:21:24 -0400] "GET /wordpress/wp-includes/js/tinymce/plugins/paste/plugin.min.js?wp-mce-4603-20170530 HTTP/1.1" 200 8025
::1 - - [20/Jul/2017:20:21:24 -0400] "GET /wordpress/wp-includes/js/tinymce/plugins/wplink/plugin.min.js?wp-mce-4603-20170530 HTTP/1.1" 200 3307
::1 - - [20/Jul/2017:20:21:24 -0400] "GET /wordpress/wp-includes/js/tinymce/plugins/wpdialogs/plugin.min.js?wp-mce-4603-20170530 HTTP/1.1" 200 649
::1 - - [20/Jul/2017:20:21:24 -0400] "GET /wordpress/wp-includes/js/tinymce/plugins/wpview/plugin.min.js?wp-mce-4603-20170530 HTTP/1.1" 200 1136
::1 - - [20/Jul/2017:20:21:24 -0400] "GET /wordpress/wp-includes/js/tinymce/plugins/textcolor/plugin.min.js?wp-mce-4603-20170530 HTTP/1.1" 200 2183
::1 - - [20/Jul/2017:20:21:25 -0400] "GET /wordpress/wp-includes/js/tinymce/skins/lightgray/content.min.css?wp-mce-4603-20170530 HTTP/1.1" 200 1230
::1 - - [20/Jul/2017:20:21:25 -0400] "GET /wordpress/wp-includes/js/tinymce/skins/wordpress/wp-content.css?ver=4.8&wp-mce-4603-20170530 HTTP/1.1" 200 2692
::1 - - [20/Jul/2017:20:21:25 -0400] "GET /wordpress/wp-includes/js/tinymce/skins/lightgray/skin.min.css?wp-mce-4603-20170530 HTTP/1.1" 200 7993
::1 - - [20/Jul/2017:20:21:25 -0400] "GET /wordpress/wp-content/themes/twentyseventeen/assets/css/editor-style.css?wp-mce-4603-20170530 HTTP/1.1" 200 2331
::1 - - [20/Jul/2017:20:21:25 -0400] "GET /wordpress/wp-includes/css/dashicons.min.css?ver=4.8&wp-mce-4603-20170530 HTTP/1.1" 200 28612
::1 - - [20/Jul/2017:20:21:26 -0400] "GET /wordpress/wp-admin/index.php HTTP/1.1" 200 14796
::1 - - [20/Jul/2017:20:21:26 -0400] "POST /wordpress/wp-admin/admin-ajax.php HTTP/1.1" 200 1
::1 - - [20/Jul/2017:20:21:26 -0400] "GET /wordpress/wp-admin/load-styles.php?c=0&dir=ltr&load%5B%5D=dashicons,admin-bar,common,forms,admin-menu,dashboard,list-tables,edit,revisions,media,themes,about,nav-menus,widgets,site-icon,&load%5B%5D=l10n,buttons,wp-auth-check&ver=4.8 HTTP/1.1" 304 -
::1 - - [20/Jul/2017:20:21:26 -0400] "GET /wordpress/wp-admin/load-scripts.php?c=0&load%5B%5D=jquery-core,jquery-migrate,utils&ver=4.8 HTTP/1.1" 304 -
::1 - - [20/Jul/2017:20:21:26 -0400] "GET /wordpress/wp-includes/js/thickbox/thickbox.css?ver=4.8 HTTP/1.1" 200 932
::1 - - [20/Jul/2017:20:21:26 -0400] "GET /wordpress/wp-admin/load-scripts.php?c=0&load%5B%5D=hoverIntent,common,admin-bar,wp-ajax-response,jquery-color,wp-lists,quicktags,jquery-query,admin-comments,jquery-ui-core,jquery-&load%5B%5D=ui-widget,jquery-ui-mouse,jquery-ui-sortable,postbox,underscore,wp-util,wp-a11y,dashboard,customize-base,customize-loader,thickb&load%5B%5D=ox,plugin-install,updates,shortcode,media-upload,svg-painter,heartbeat,wp-auth-check,wplink,jquery-ui-position,jquery-ui-menu,jq&load%5B%5D=uery-ui-autocomplete&ver=4.8 HTTP/1.1" 304 -
::1 - - [20/Jul/2017:20:21:26 -0400] "GET /wordpress/wp-includes/css/editor.min.css?ver=4.8 HTTP/1.1" 200 5864
::1 - - [20/Jul/2017:20:21:28 -0400] "GET /wordpress/ HTTP/1.1" 200 19066
::1 - - [20/Jul/2017:20:21:28 -0400] "GET /wordpress/wp-includes/css/admin-bar.min.css?ver=4.8 HTTP/1.1" 200 3877
::1 - - [20/Jul/2017:20:21:28 -0400] "GET /wordpress/wp-includes/css/dashicons.min.css?ver=4.8 HTTP/1.1" 200 28612
::1 - - [20/Jul/2017:20:21:28 -0400] "GET /wordpress/wp-includes/js/admin-bar.min.js?ver=4.8 HTTP/1.1" 200 2470
::1 - - [20/Jul/2017:20:21:28 -0400] "GET /wordpress/wp-content/themes/twentyseventeen/style.css?ver=4.8 HTTP/1.1" 200 15497
::1 - - [20/Jul/2017:20:21:28 -0400] "GET /wordpress/wp-includes/js/wp-embed.min.js?ver=4.8 HTTP/1.1" 200 751
::1 - - [20/Jul/2017:20:21:28 -0400] "GET /wordpress/wp-includes/js/jquery/jquery-migrate.min.js?ver=1.4.1 HTTP/1.1" 200 4014
::1 - - [20/Jul/2017:20:21:28 -0400] "GET /wordpress/wp-content/themes/twentyseventeen/assets/js/global.js?ver=1.0 HTTP/1.1" 200 2606
::1 - - [20/Jul/2017:20:21:28 -0400] "GET /wordpress/wp-content/themes/twentyseventeen/assets/js/skip-link-focus-fix.js?ver=1.0 HTTP/1.1" 200 416
::1 - - [20/Jul/2017:20:21:28 -0400] "GET /wordpress/wp-content/themes/twentyseventeen/assets/js/jquery.scrollTo.js?ver=2.1.2 HTTP/1.1" 200 2409
::1 - - [20/Jul/2017:20:21:28 -0400] "GET /wordpress/wp-includes/js/jquery/jquery.js?ver=1.12.4 HTTP/1.1" 200 33766
::1 - - [20/Jul/2017:20:21:28 -0400] "GET /wordpress/wp-content/themes/twentyseventeen/assets/images/header.jpg HTTP/1.1" 304 -
::1 - - [20/Jul/2017:20:21:30 -0400] "GET /wordpress/wp-admin/ HTTP/1.1" 200 14787
::1 - - [20/Jul/2017:20:21:30 -0400] "GET /wordpress/wp-includes/js/thickbox/thickbox.css?ver=4.8 HTTP/1.1" 200 932
::1 - - [20/Jul/2017:20:21:30 -0400] "GET /wordpress/wp-admin/load-styles.php?c=0&dir=ltr&load%5B%5D=dashicons,admin-bar,common,forms,admin-menu,dashboard,list-tables,edit,revisions,media,themes,about,nav-menus,widgets,site-icon,&load%5B%5D=l10n,buttons,wp-auth-check&ver=4.8 HTTP/1.1" 304 -
::1 - - [20/Jul/2017:20:21:30 -0400] "GET /wordpress/wp-admin/load-scripts.php?c=0&load%5B%5D=jquery-core,jquery-migrate,utils&ver=4.8 HTTP/1.1" 304 -
::1 - - [20/Jul/2017:20:21:30 -0400] "GET /wordpress/wp-includes/css/editor.min.css?ver=4.8 HTTP/1.1" 200 5864
::1 - - [20/Jul/2017:20:21:30 -0400] "GET /wordpress/wp-admin/load-scripts.php?c=0&load%5B%5D=hoverIntent,common,admin-bar,wp-ajax-response,jquery-color,wp-lists,quicktags,jquery-query,admin-comments,jquery-ui-core,jquery-&load%5B%5D=ui-widget,jquery-ui-mouse,jquery-ui-sortable,postbox,underscore,wp-util,wp-a11y,dashboard,customize-base,customize-loader,thickb&load%5B%5D=ox,plugin-install,updates,shortcode,media-upload,svg-painter,heartbeat,wp-auth-check,wplink,jquery-ui-position,jquery-ui-menu,jq&load%5B%5D=uery-ui-autocomplete&ver=4.8 HTTP/1.1" 304 -
::1 - - [20/Jul/2017:20:21:32 -0400] "GET /wordpress/wp-admin/customize.php HTTP/1.1" 200 40669
::1 - - [20/Jul/2017:20:21:32 -0400] "GET /wordpress/wp-admin/js/widgets/media-widgets.min.js?ver=4.8 HTTP/1.1" 200 4162
::1 - - [20/Jul/2017:20:21:32 -0400] "GET /wordpress/wp-admin/js/widgets/media-audio-widget.min.js?ver=4.8 HTTP/1.1" 200 673
::1 - - [20/Jul/2017:20:21:32 -0400] "GET /wordpress/wp-admin/js/widgets/media-image-widget.min.js?ver=4.8 HTTP/1.1" 200 712
::1 - - [20/Jul/2017:20:21:32 -0400] "GET /wordpress/wp-admin/js/widgets/media-video-widget.min.js?ver=4.8 HTTP/1.1" 200 1123
::1 - - [20/Jul/2017:20:21:32 -0400] "GET /wordpress/wp-includes/js/mediaelement/mediaelementplayer.min.css?ver=2.22.0 HTTP/1.1" 200 3213
::1 - - [20/Jul/2017:20:21:32 -0400] "GET /wordpress/wp-includes/js/imgareaselect/imgareaselect.css?ver=0.9.8 HTTP/1.1" 200 265
::1 - - [20/Jul/2017:20:21:32 -0400] "GET /wordpress/wp-admin/js/widgets/text-widgets.min.js?ver=4.8 HTTP/1.1" 200 1226
::1 - - [20/Jul/2017:20:21:32 -0400] "GET /wordpress/wp-admin/js/editor.min.js?ver=4.8 HTTP/1.1" 200 2750
::1 - - [20/Jul/2017:20:21:32 -0400] "GET /wordpress/wp-includes/js/mediaelement/wp-mediaelement.min.css?ver=4.8 HTTP/1.1" 200 1134
::1 - - [20/Jul/2017:20:21:32 -0400] "GET /wordpress/wp-admin/load-styles.php?c=0&dir=ltr&load%5B%5D=editor-buttons&ver=4.8 HTTP/1.1" 200 5867
::1 - - [20/Jul/2017:20:21:32 -0400] "GET /wordpress/wp-content/themes/twentyseventeen/assets/js/customize-controls.js?ver=1.0 HTTP/1.1" 200 511
::1 - - [20/Jul/2017:20:21:32 -0400] "GET /wordpress/wp-includes/js/tinymce/plugins/compat3x/plugin.min.js?ver=4603-20170530 HTTP/1.1" 200 1767
::1 - - [20/Jul/2017:20:21:32 -0400] "GET /wordpress/wp-admin/load-styles.php?c=0&dir=ltr&load%5B%5D=dashicons,common,forms,admin-menu,dashboard,list-tables,edit,revisions,media,themes,about,nav-menus,widgets,site-icon,l10n,butto&load%5B%5D=ns,customize-controls,customize-widgets,customize-nav-menus,wp-color-picker,media-views&ver=4.8 HTTP/1.1" 200 95440
::1 - - [20/Jul/2017:20:21:32 -0400] "GET /wordpress/wp-admin/load-scripts.php?c=0&load%5B%5D=jquery-core,jquery-migrate,underscore,wp-util,jquery-ui-core,jquery-ui-widget,jquery-ui-mouse,jquery-ui-sortable,jquery-ui-dragg&load%5B%5D=able,jquery-ui-droppable,backbone,wp-backbone,wp-ajax-response,jquery-color,wp-lists,postbox,nav-menu,shortcode,utils,media-mode&load%5B%5D=ls,plupload,wp-plupload,mediaelement,wp-mediaelement,media-views,media-editor,media-audiovideo&ver=4.8 HTTP/1.1" 200 175986
::1 - - [20/Jul/2017:20:21:32 -0400] "GET /wordpress/wp-admin/load-scripts.php?c=0&load%5B%5D=customize-base,wp-a11y,customize-controls,customize-widgets,accordion,customize-nav-menus,jquery-ui-slider,jquery-touch-punch,ir&load%5B%5D=is,wp-color-picker,imgareaselect,customize-models,customize-views,mce-view,image-edit,quicktags,wplink,jquery-ui-position,jquery&load%5B%5D=-ui-menu,jquery-ui-autocomplete,thickbox,media-upload&ver=4.8 HTTP/1.1" 200 78971
::1 - - [20/Jul/2017:20:21:32 -0400] "GET /wordpress/wp-includes/js/tinymce/tinymce.min.js?ver=4603-20170530 HTTP/1.1" 200 153446
::1 - - [20/Jul/2017:20:21:33 -0400] "GET /wordpress/wp-includes/fonts/dashicons.eot HTTP/1.1" 200 22449
::1 - - [20/Jul/2017:20:21:33 -0400] "GET /wordpress/wp-content/themes/twentysixteen/screenshot.png HTTP/1.1" 200 463555
::1 - - [20/Jul/2017:20:21:33 -0400] "GET /wordpress/wp-content/themes/twentyfifteen/screenshot.png HTTP/1.1" 200 576231
::1 - - [20/Jul/2017:20:21:33 -0400] "GET /wordpress/?customize_changeset_uuid=919078c5-c69c-4e3e-9862-de99f64894a8&customize_theme=twentyseventeen&customize_messenger_channel=preview-0 HTTP/1.1" 200 24207
::1 - - [20/Jul/2017:20:21:33 -0400] "GET /wordpress/wp-includes/css/customize-preview.min.css?ver=4.8 HTTP/1.1" 200 926
::1 - - [20/Jul/2017:20:21:33 -0400] "GET /wordpress/wp-includes/css/dashicons.min.css?ver=4.8 HTTP/1.1" 200 28612
::1 - - [20/Jul/2017:20:21:33 -0400] "GET /wordpress/wp-content/themes/twentyseventeen/assets/css/colors-dark.css?ver=1.0 HTTP/1.1" 200 2322
::1 - - [20/Jul/2017:20:21:33 -0400] "GET /wordpress/wp-content/themes/twentyseventeen/style.css?ver=4.8 HTTP/1.1" 200 15497
::1 - - [20/Jul/2017:20:21:33 -0400] "GET /wordpress/wp-includes/js/wp-a11y.min.js?ver=4.8 HTTP/1.1" 200 374
::1 - - [20/Jul/2017:20:21:33 -0400] "GET /wordpress/wp-includes/js/mediaelement/froogaloop.min.js?ver=2.0 HTTP/1.1" 200 843
::1 - - [20/Jul/2017:20:21:33 -0400] "GET /wordpress/wp-includes/js/customize-preview.min.js?ver=4.8 HTTP/1.1" 200 3037
::1 - - [20/Jul/2017:20:21:33 -0400] "GET /wordpress/wp-includes/js/customize-base.min.js?ver=4.8 HTTP/1.1" 200 2320
::1 - - [20/Jul/2017:20:21:33 -0400] "GET /wordpress/wp-includes/js/jquery/jquery-migrate.min.js?ver=1.4.1 HTTP/1.1" 200 4014
::1 - - [20/Jul/2017:20:21:33 -0400] "GET /wordpress/wp-includes/js/underscore.min.js?ver=1.8.3 HTTP/1.1" 200 5822
::1 - - [20/Jul/2017:20:21:33 -0400] "GET /wordpress/wp-includes/js/jquery/jquery.js?ver=1.12.4 HTTP/1.1" 200 33766
::1 - - [20/Jul/2017:20:21:33 -0400] "GET /wordpress/wp-content/themes/twentyseventeen/assets/js/customize-preview.js?ver=1.0 HTTP/1.1" 200 1524
::1 - - [20/Jul/2017:20:21:33 -0400] "GET /wordpress/wp-includes/js/mediaelement/wp-mediaelement.min.js?ver=4.8 HTTP/1.1" 200 423
::1 - - [20/Jul/2017:20:21:33 -0400] "GET /wordpress/wp-content/themes/twentyseventeen/assets/js/global.js?ver=1.0 HTTP/1.1" 200 2606
::1 - - [20/Jul/2017:20:21:33 -0400] "GET /wordpress/wp-content/themes/twentyseventeen/assets/js/jquery.scrollTo.js?ver=2.1.2 HTTP/1.1" 200 2409
::1 - - [20/Jul/2017:20:21:33 -0400] "GET /wordpress/wp-includes/js/wp-util.min.js?ver=4.8 HTTP/1.1" 200 575
::1 - - [20/Jul/2017:20:21:33 -0400] "GET /wordpress/wp-content/themes/twentyseventeen/assets/js/skip-link-focus-fix.js?ver=1.0 HTTP/1.1" 200 416
::1 - - [20/Jul/2017:20:21:33 -0400] "GET /wordpress/wp-includes/js/mediaelement/mediaelement-and-player.min.js?ver=2.22.0 HTTP/1.1" 200 22923
::1 - - [20/Jul/2017:20:21:33 -0400] "GET /wordpress/wp-includes/js/customize-selective-refresh.min.js?ver=4.8 HTTP/1.1" 200 3659
::1 - - [20/Jul/2017:20:21:33 -0400] "GET /wordpress/wp-includes/js/customize-preview-nav-menus.min.js?ver=4.8 HTTP/1.1" 200 1759
::1 - - [20/Jul/2017:20:21:33 -0400] "GET /wordpress/wp-includes/js/wp-embed.min.js?ver=4.8 HTTP/1.1" 200 751
::1 - - [20/Jul/2017:20:21:33 -0400] "GET /wordpress/wp-includes/js/wp-custom-header.min.js?ver=4.8 HTTP/1.1" 200 1606
::1 - - [20/Jul/2017:20:21:33 -0400] "GET /wordpress/wp-includes/js/customize-preview-widgets.min.js?ver=4.8 HTTP/1.1" 200 2580
::1 - - [20/Jul/2017:20:21:37 -0400] "POST /wordpress/?customize_changeset_uuid=919078c5-c69c-4e3e-9862-de99f64894a8 HTTP/1.1" 200 134
::1 - - [20/Jul/2017:20:21:37 -0400] "POST /wordpress/?customize_changeset_uuid=919078c5-c69c-4e3e-9862-de99f64894a8 HTTP/1.1" 200 133
::1 - - [20/Jul/2017:20:21:38 -0400] "POST /wordpress/?customize_changeset_uuid=919078c5-c69c-4e3e-9862-de99f64894a8 HTTP/1.1" 200 133
::1 - - [20/Jul/2017:20:21:39 -0400] "POST /wordpress/?customize_changeset_uuid=919078c5-c69c-4e3e-9862-de99f64894a8 HTTP/1.1" 200 134
::1 - - [20/Jul/2017:20:21:39 -0400] "POST /wordpress/?customize_changeset_uuid=919078c5-c69c-4e3e-9862-de99f64894a8 HTTP/1.1" 200 135
::1 - - [20/Jul/2017:20:21:40 -0400] "POST /wordpress/?customize_changeset_uuid=919078c5-c69c-4e3e-9862-de99f64894a8 HTTP/1.1" 200 136
::1 - - [20/Jul/2017:20:21:40 -0400] "POST /wordpress/?customize_changeset_uuid=919078c5-c69c-4e3e-9862-de99f64894a8 HTTP/1.1" 200 133
::1 - - [20/Jul/2017:20:21:42 -0400] "POST /wordpress/?customize_changeset_uuid=919078c5-c69c-4e3e-9862-de99f64894a8 HTTP/1.1" 200 134
::1 - - [20/Jul/2017:20:21:43 -0400] "POST /wordpress/?customize_changeset_uuid=919078c5-c69c-4e3e-9862-de99f64894a8 HTTP/1.1" 200 133
::1 - - [20/Jul/2017:20:21:44 -0400] "POST /wordpress/?customize_changeset_uuid=919078c5-c69c-4e3e-9862-de99f64894a8 HTTP/1.1" 200 140
::1 - - [20/Jul/2017:20:21:47 -0400] "POST /wordpress/wp-admin/admin-ajax.php HTTP/1.1" 200 154
::1 - - [20/Jul/2017:20:21:52 -0400] "GET /wordpress/ HTTP/1.1" 200 19052
::1 - - [20/Jul/2017:20:21:52 -0400] "GET /wordpress/wp-includes/css/admin-bar.min.css?ver=4.8 HTTP/1.1" 200 3877
::1 - - [20/Jul/2017:20:21:52 -0400] "GET /wordpress/wp-includes/js/admin-bar.min.js?ver=4.8 HTTP/1.1" 200 2470
::1 - - [20/Jul/2017:20:21:56 -0400] "GET /wordpress/wp-admin/options-general.php HTTP/1.1" 200 15588
::1 - - [20/Jul/2017:20:21:56 -0400] "GET /wordpress/wp-admin/load-styles.php?c=0&dir=ltr&load%5B%5D=dashicons,admin-bar,common,forms,admin-menu,dashboard,list-tables,edit,revisions,media,themes,about,nav-menus,widgets,site-icon,&load%5B%5D=l10n,buttons,wp-auth-check&ver=4.8 HTTP/1.1" 304 -
::1 - - [20/Jul/2017:20:21:56 -0400] "GET /wordpress/wp-admin/load-scripts.php?c=0&load%5B%5D=jquery-core,jquery-migrate,utils&ver=4.8 HTTP/1.1" 304 -
::1 - - [20/Jul/2017:20:21:56 -0400] "GET /wordpress/wp-admin/load-scripts.php?c=0&load%5B%5D=hoverIntent,common,admin-bar,svg-painter,heartbeat,wp-auth-check&ver=4.8 HTTP/1.1" 304 -
::1 - - [20/Jul/2017:20:22:02 -0400] "GET /wordpress/wp-admin/options-writing.php HTTP/1.1" 200 6923
::1 - - [20/Jul/2017:20:22:03 -0400] "GET /wordpress/wp-admin/load-styles.php?c=0&dir=ltr&load%5B%5D=dashicons,admin-bar,common,forms,admin-menu,dashboard,list-tables,edit,revisions,media,themes,about,nav-menus,widgets,site-icon,&load%5B%5D=l10n,buttons,wp-auth-check&ver=4.8 HTTP/1.1" 304 -
::1 - - [20/Jul/2017:20:22:03 -0400] "GET /wordpress/wp-admin/load-scripts.php?c=0&load%5B%5D=jquery-core,jquery-migrate,utils&ver=4.8 HTTP/1.1" 304 -
::1 - - [20/Jul/2017:20:22:03 -0400] "GET /wordpress/wp-admin/load-scripts.php?c=0&load%5B%5D=hoverIntent,common,admin-bar,svg-painter,heartbeat,wp-auth-check&ver=4.8 HTTP/1.1" 304 -
::1 - - [20/Jul/2017:20:22:08 -0400] "GET /wordpress/wp-admin/index.php HTTP/1.1" 200 14788
::1 - - [20/Jul/2017:20:22:09 -0400] "GET /wordpress/wp-admin/load-styles.php?c=0&dir=ltr&load%5B%5D=dashicons,admin-bar,common,forms,admin-menu,dashboard,list-tables,edit,revisions,media,themes,about,nav-menus,widgets,site-icon,&load%5B%5D=l10n,buttons,wp-auth-check&ver=4.8 HTTP/1.1" 304 -
::1 - - [20/Jul/2017:20:22:09 -0400] "GET /wordpress/wp-admin/load-scripts.php?c=0&load%5B%5D=jquery-core,jquery-migrate,utils&ver=4.8 HTTP/1.1" 304 -
::1 - - [20/Jul/2017:20:22:09 -0400] "GET /wordpress/wp-admin/load-scripts.php?c=0&load%5B%5D=hoverIntent,common,admin-bar,wp-ajax-response,jquery-color,wp-lists,quicktags,jquery-query,admin-comments,jquery-ui-core,jquery-&load%5B%5D=ui-widget,jquery-ui-mouse,jquery-ui-sortable,postbox,underscore,wp-util,wp-a11y,dashboard,customize-base,customize-loader,thickb&load%5B%5D=ox,plugin-install,updates,shortcode,media-upload,svg-painter,heartbeat,wp-auth-check,wplink,jquery-ui-position,jquery-ui-menu,jq&load%5B%5D=uery-ui-autocomplete&ver=4.8 HTTP/1.1" 304 -
::1 - - [20/Jul/2017:20:22:09 -0400] "GET /wordpress/wp-includes/js/thickbox/thickbox.css?ver=4.8 HTTP/1.1" 200 932
::1 - - [20/Jul/2017:20:22:09 -0400] "GET /wordpress/wp-includes/css/editor.min.css?ver=4.8 HTTP/1.1" 200 5864
::1 - - [20/Jul/2017:20:22:10 -0400] "GET /wordpress/ HTTP/1.1" 200 19053
::1 - - [20/Jul/2017:20:22:10 -0400] "GET /wordpress/wp-includes/css/admin-bar.min.css?ver=4.8 HTTP/1.1" 200 3877
::1 - - [20/Jul/2017:20:22:10 -0400] "GET /wordpress/wp-includes/css/dashicons.min.css?ver=4.8 HTTP/1.1" 200 28612
::1 - - [20/Jul/2017:20:22:10 -0400] "GET /wordpress/wp-content/themes/twentyseventeen/assets/js/skip-link-focus-fix.js?ver=1.0 HTTP/1.1" 200 416
::1 - - [20/Jul/2017:20:22:10 -0400] "GET /wordpress/wp-includes/js/admin-bar.min.js?ver=4.8 HTTP/1.1" 200 2470
::1 - - [20/Jul/2017:20:22:10 -0400] "GET /wordpress/wp-includes/js/jquery/jquery-migrate.min.js?ver=1.4.1 HTTP/1.1" 200 4014
::1 - - [20/Jul/2017:20:22:10 -0400] "GET /wordpress/wp-content/themes/twentyseventeen/style.css?ver=4.8 HTTP/1.1" 200 15497
::1 - - [20/Jul/2017:20:22:10 -0400] "GET /wordpress/wp-includes/js/jquery/jquery.js?ver=1.12.4 HTTP/1.1" 200 33766
::1 - - [20/Jul/2017:20:22:10 -0400] "GET /wordpress/wp-includes/js/wp-embed.min.js?ver=4.8 HTTP/1.1" 200 751
::1 - - [20/Jul/2017:20:22:10 -0400] "GET /wordpress/wp-content/themes/twentyseventeen/assets/js/global.js?ver=1.0 HTTP/1.1" 200 2606
::1 - - [20/Jul/2017:20:22:10 -0400] "GET /wordpress/wp-content/themes/twentyseventeen/assets/js/jquery.scrollTo.js?ver=2.1.2 HTTP/1.1" 200 2409
::1 - - [20/Jul/2017:20:24:15 -0400] "GET / HTTP/1.1" 200 875
::1 - - [20/Jul/2017:20:24:17 -0400] "GET /wordpress/ HTTP/1.1" 200 19053
::1 - - [20/Jul/2017:20:24:17 -0400] "GET /wordpress/wp-content/themes/twentyseventeen/assets/images/header.jpg HTTP/1.1" 304 -
::1 - - [20/Jul/2017:20:27:03 -0400] "GET / HTTP/1.1" 200 875
::1 - - [20/Jul/2017:20:27:04 -0400] "GET /wordpress/ HTTP/1.1" 200 19053
::1 - - [20/Jul/2017:20:27:10 -0400] "GET /wordpress/wp-admin/ HTTP/1.1" 200 14779
::1 - - [20/Jul/2017:20:27:10 -0400] "GET /wordpress/wp-admin/load-styles.php?c=0&dir=ltr&load%5B%5D=dashicons,admin-bar,common,forms,admin-menu,dashboard,list-tables,edit,revisions,media,themes,about,nav-menus,widgets,site-icon,&load%5B%5D=l10n,buttons,wp-auth-check&ver=4.8 HTTP/1.1" 304 -
::1 - - [20/Jul/2017:20:27:10 -0400] "GET /wordpress/wp-admin/load-scripts.php?c=0&load%5B%5D=jquery-core,jquery-migrate,utils&ver=4.8 HTTP/1.1" 304 -
::1 - - [20/Jul/2017:20:27:10 -0400] "GET /wordpress/wp-admin/load-scripts.php?c=0&load%5B%5D=hoverIntent,common,admin-bar,wp-ajax-response,jquery-color,wp-lists,quicktags,jquery-query,admin-comments,jquery-ui-core,jquery-&load%5B%5D=ui-widget,jquery-ui-mouse,jquery-ui-sortable,postbox,underscore,wp-util,wp-a11y,dashboard,customize-base,customize-loader,thickb&load%5B%5D=ox,plugin-install,updates,shortcode,media-upload,svg-painter,heartbeat,wp-auth-check,wplink,jquery-ui-position,jquery-ui-menu,jq&load%5B%5D=uery-ui-autocomplete&ver=4.8 HTTP/1.1" 304 -
::1 - - [20/Jul/2017:20:27:10 -0400] "GET /wordpress/wp-includes/js/thickbox/thickbox.css?ver=4.8 HTTP/1.1" 200 932
::1 - - [20/Jul/2017:20:27:10 -0400] "GET /wordpress/wp-includes/css/editor.min.css?ver=4.8 HTTP/1.1" 200 5864
::1 - - [20/Jul/2017:20:27:10 -0400] "GET /wordpress/wp-includes/js/thickbox/loadingAnimation.gif HTTP/1.1" 304 -
::1 - - [20/Jul/2017:20:28:02 -0400] "GET /wordpress/wp-admin/edit.php?post_type=page HTTP/1.1" 200 9898
::1 - - [20/Jul/2017:20:28:02 -0400] "GET /wordpress/wp-admin/load-styles.php?c=0&dir=ltr&load%5B%5D=dashicons,admin-bar,common,forms,admin-menu,dashboard,list-tables,edit,revisions,media,themes,about,nav-menus,widgets,site-icon,&load%5B%5D=l10n,buttons,wp-auth-check&ver=4.8 HTTP/1.1" 304 -
::1 - - [20/Jul/2017:20:28:02 -0400] "GET /wordpress/wp-admin/load-scripts.php?c=0&load%5B%5D=jquery-core,jquery-migrate,utils&ver=4.8 HTTP/1.1" 304 -
::1 - - [20/Jul/2017:20:28:02 -0400] "GET /wordpress/wp-admin/load-scripts.php?c=0&load%5B%5D=hoverIntent,common,admin-bar,jquery-ui-core,jquery-ui-widget,jquery-ui-position,jquery-ui-menu,wp-a11y,jquery-ui-autocomplete,ta&load%5B%5D=gs-suggest,inline-edit-post,heartbeat,svg-painter,wp-auth-check&ver=4.8 HTTP/1.1" 304 -
::1 - - [20/Jul/2017:20:28:02 -0400] "POST /wordpress/wp-admin/admin-ajax.php HTTP/1.1" 200 47
::1 - - [20/Jul/2017:20:28:03 -0400] "GET /wordpress/wp-admin/post.php?post=2&action=edit HTTP/1.1" 200 26660
::1 - - [20/Jul/2017:20:28:03 -0400] "GET /wordpress/wp-admin/load-styles.php?c=0&dir=ltr&load%5B%5D=dashicons,admin-bar,buttons,media-views,common,forms,admin-menu,dashboard,list-tables,edit,revisions,media,themes,about,nav-menu&load%5B%5D=s,widgets,site-icon,l10n,wp-auth-check&ver=4.8 HTTP/1.1" 304 -
::1 - - [20/Jul/2017:20:28:03 -0400] "GET /wordpress/wp-includes/js/thickbox/thickbox.css?ver=4.8 HTTP/1.1" 200 932
::1 - - [20/Jul/2017:20:28:03 -0400] "GET /wordpress/wp-includes/js/mediaelement/wp-mediaelement.min.css?ver=4.8 HTTP/1.1" 200 1134
::1 - - [20/Jul/2017:20:28:03 -0400] "GET /wordpress/wp-includes/js/mediaelement/mediaelementplayer.min.css?ver=2.22.0 HTTP/1.1" 200 3213
::1 - - [20/Jul/2017:20:28:03 -0400] "GET /wordpress/wp-includes/js/imgareaselect/imgareaselect.css?ver=0.9.8 HTTP/1.1" 200 265
::1 - - [20/Jul/2017:20:28:03 -0400] "GET /wordpress/wp-admin/load-scripts.php?c=0&load%5B%5D=jquery-core,jquery-migrate,utils,plupload&ver=4.8 HTTP/1.1" 304 -
::1 - - [20/Jul/2017:20:28:03 -0400] "GET /wordpress/wp-includes/css/editor.min.css?ver=4.8 HTTP/1.1" 200 5864
::1 - - [20/Jul/2017:20:28:03 -0400] "GET /wordpress/wp-includes/js/tinymce/plugins/compat3x/plugin.min.js?ver=4603-20170530 HTTP/1.1" 200 1767
::1 - - [20/Jul/2017:20:28:03 -0400] "GET /wordpress/wp-admin/load-scripts.php?c=0&load%5B%5D=hoverIntent,common,admin-bar,heartbeat,autosave,wp-ajax-response,jquery-color,wp-lists,quicktags,jquery-query,admin-comments,sug&load%5B%5D=gest,jquery-ui-core,jquery-ui-widget,jquery-ui-mouse,jquery-ui-sortable,postbox,jquery-ui-position,jquery-ui-menu,wp-a11y,jquery&load%5B%5D=-ui-autocomplete,tags-suggest,tags-box,underscore,word-count,post,editor-expand,thickbox,shortcode,backbone,wp-util,wp-backbone,&load%5B%5D=media-models,wp-plupload,mediaelement,wp-mediaelement,media-views,media-editor,media-audiovideo,mce-view,imgareaselect,image-edi&load%5B%5D=t,svg-painter,wp-auth-check,editor,wplink,media-upload,wp-embed&ver=4.8 HTTP/1.1" 304 -
::1 - - [20/Jul/2017:20:28:03 -0400] "GET /wordpress/wp-includes/js/tinymce/tinymce.min.js?ver=4603-20170530 HTTP/1.1" 200 153446
::1 - - [20/Jul/2017:20:28:03 -0400] "GET /wordpress/wp-admin/images/spinner.gif HTTP/1.1" 304 -
::1 - - [20/Jul/2017:20:28:04 -0400] "GET /wordpress/wp-includes/js/tinymce/plugins/charmap/plugin.min.js?wp-mce-4603-20170530 HTTP/1.1" 200 3536
::1 - - [20/Jul/2017:20:28:04 -0400] "GET /wordpress/wp-includes/js/tinymce/themes/modern/theme.min.js?wp-mce-4603-20170530 HTTP/1.1" 200 5239
::1 - - [20/Jul/2017:20:28:04 -0400] "GET /wordpress/wp-includes/js/tinymce/plugins/colorpicker/plugin.min.js?wp-mce-4603-20170530 HTTP/1.1" 200 1017
::1 - - [20/Jul/2017:20:28:04 -0400] "GET /wordpress/wp-includes/js/tinymce/plugins/hr/plugin.min.js?wp-mce-4603-20170530 HTTP/1.1" 200 600
::1 - - [20/Jul/2017:20:28:04 -0400] "GET /wordpress/wp-includes/js/tinymce/plugins/lists/plugin.min.js?wp-mce-4603-20170530 HTTP/1.1" 200 4823
::1 - - [20/Jul/2017:20:28:04 -0400] "GET /wordpress/wp-includes/js/tinymce/plugins/media/plugin.min.js?wp-mce-4603-20170530 HTTP/1.1" 200 5896
::1 - - [20/Jul/2017:20:28:04 -0400] "GET /wordpress/wp-includes/js/tinymce/plugins/tabfocus/plugin.min.js?wp-mce-4603-20170530 HTTP/1.1" 200 1152
::1 - - [20/Jul/2017:20:28:04 -0400] "GET /wordpress/wp-includes/js/tinymce/plugins/textcolor/plugin.min.js?wp-mce-4603-20170530 HTTP/1.1" 200 2183
::1 - - [20/Jul/2017:20:28:04 -0400] "GET /wordpress/wp-includes/js/tinymce/plugins/paste/plugin.min.js?wp-mce-4603-20170530 HTTP/1.1" 200 8025
::1 - - [20/Jul/2017:20:28:04 -0400] "GET /wordpress/wp-includes/js/tinymce/plugins/fullscreen/plugin.min.js?wp-mce-4603-20170530 HTTP/1.1" 200 1140
::1 - - [20/Jul/2017:20:28:04 -0400] "GET /wordpress/wp-includes/js/tinymce/plugins/wordpress/plugin.min.js?wp-mce-4603-20170530 HTTP/1.1" 200 5723
::1 - - [20/Jul/2017:20:28:04 -0400] "GET /wordpress/wp-includes/js/tinymce/plugins/wpautoresize/plugin.min.js?wp-mce-4603-20170530 HTTP/1.1" 200 933
::1 - - [20/Jul/2017:20:28:04 -0400] "GET /wordpress/wp-includes/js/tinymce/plugins/wpemoji/plugin.min.js?wp-mce-4603-20170530 HTTP/1.1" 200 751
::1 - - [20/Jul/2017:20:28:04 -0400] "GET /wordpress/wp-includes/js/tinymce/plugins/wpeditimage/plugin.min.js?wp-mce-4603-20170530 HTTP/1.1" 200 5195
::1 - - [20/Jul/2017:20:28:04 -0400] "GET /wordpress/wp-includes/js/tinymce/plugins/wpdialogs/plugin.min.js?wp-mce-4603-20170530 HTTP/1.1" 200 649
::1 - - [20/Jul/2017:20:28:04 -0400] "GET /wordpress/wp-includes/js/tinymce/plugins/wplink/plugin.min.js?wp-mce-4603-20170530 HTTP/1.1" 200 3307
::1 - - [20/Jul/2017:20:28:04 -0400] "GET /wordpress/wp-includes/js/tinymce/plugins/wptextpattern/plugin.min.js?wp-mce-4603-20170530 HTTP/1.1" 200 1424
::1 - - [20/Jul/2017:20:28:04 -0400] "GET /wordpress/wp-includes/js/tinymce/plugins/wpgallery/plugin.min.js?wp-mce-4603-20170530 HTTP/1.1" 200 763
::1 - - [20/Jul/2017:20:28:04 -0400] "GET /wordpress/wp-includes/js/tinymce/plugins/wpview/plugin.min.js?wp-mce-4603-20170530 HTTP/1.1" 200 1136
::1 - - [20/Jul/2017:20:28:04 -0400] "GET /wordpress/wp-includes/js/tinymce/skins/lightgray/content.min.css?wp-mce-4603-20170530 HTTP/1.1" 200 1230
::1 - - [20/Jul/2017:20:28:04 -0400] "GET /wordpress/wp-includes/js/tinymce/skins/wordpress/wp-content.css?ver=4.8&wp-mce-4603-20170530 HTTP/1.1" 200 2692
::1 - - [20/Jul/2017:20:28:04 -0400] "GET /wordpress/wp-content/themes/twentyseventeen/assets/css/editor-style.css?wp-mce-4603-20170530 HTTP/1.1" 200 2331
::1 - - [20/Jul/2017:20:28:04 -0400] "GET /wordpress/wp-includes/js/tinymce/skins/lightgray/skin.min.css?wp-mce-4603-20170530 HTTP/1.1" 200 7993
::1 - - [20/Jul/2017:20:28:04 -0400] "GET /wordpress/wp-includes/css/dashicons.min.css?ver=4.8&wp-mce-4603-20170530 HTTP/1.1" 200 28612
::1 - - [20/Jul/2017:20:28:18 -0400] "POST /wordpress/wp-admin/post.php HTTP/1.1" 302 -
::1 - - [20/Jul/2017:20:28:18 -0400] "GET /wordpress/wp-admin/post.php?post=2&action=edit&message=1 HTTP/1.1" 200 27026
::1 - - [20/Jul/2017:20:28:18 -0400] "GET /wordpress/wp-admin/load-styles.php?c=0&dir=ltr&load%5B%5D=dashicons,admin-bar,buttons,media-views,common,forms,admin-menu,dashboard,list-tables,edit,revisions,media,themes,about,nav-menu&load%5B%5D=s,widgets,site-icon,l10n,wp-auth-check&ver=4.8 HTTP/1.1" 304 -
::1 - - [20/Jul/2017:20:28:18 -0400] "GET /wordpress/wp-includes/js/thickbox/thickbox.css?ver=4.8 HTTP/1.1" 200 932
::1 - - [20/Jul/2017:20:28:18 -0400] "GET /wordpress/wp-includes/js/mediaelement/wp-mediaelement.min.css?ver=4.8 HTTP/1.1" 200 1134
::1 - - [20/Jul/2017:20:28:18 -0400] "GET /wordpress/wp-includes/js/mediaelement/mediaelementplayer.min.css?ver=2.22.0 HTTP/1.1" 200 3213
::1 - - [20/Jul/2017:20:28:18 -0400] "GET /wordpress/wp-includes/js/imgareaselect/imgareaselect.css?ver=0.9.8 HTTP/1.1" 200 265
::1 - - [20/Jul/2017:20:28:18 -0400] "GET /wordpress/wp-admin/load-scripts.php?c=0&load%5B%5D=jquery-core,jquery-migrate,utils,plupload&ver=4.8 HTTP/1.1" 304 -
::1 - - [20/Jul/2017:20:28:18 -0400] "GET /wordpress/wp-includes/css/editor.min.css?ver=4.8 HTTP/1.1" 200 5864
::1 - - [20/Jul/2017:20:28:18 -0400] "GET /wordpress/wp-includes/js/tinymce/plugins/compat3x/plugin.min.js?ver=4603-20170530 HTTP/1.1" 200 1767
::1 - - [20/Jul/2017:20:28:18 -0400] "GET /wordpress/wp-admin/load-scripts.php?c=0&load%5B%5D=hoverIntent,common,admin-bar,heartbeat,autosave,wp-ajax-response,jquery-color,wp-lists,quicktags,jquery-query,admin-comments,sug&load%5B%5D=gest,jquery-ui-core,jquery-ui-widget,jquery-ui-mouse,jquery-ui-sortable,postbox,jquery-ui-position,jquery-ui-menu,wp-a11y,jquery&load%5B%5D=-ui-autocomplete,tags-suggest,tags-box,underscore,word-count,post,editor-expand,thickbox,shortcode,backbone,wp-util,wp-backbone,&load%5B%5D=media-models,wp-plupload,mediaelement,wp-mediaelement,media-views,media-editor,media-audiovideo,mce-view,imgareaselect,image-edi&load%5B%5D=t,svg-painter,wp-auth-check,editor,wplink,media-upload,wp-embed&ver=4.8 HTTP/1.1" 304 -
::1 - - [20/Jul/2017:20:28:18 -0400] "GET /wordpress/wp-includes/js/tinymce/tinymce.min.js?ver=4603-20170530 HTTP/1.1" 200 153446
::1 - - [20/Jul/2017:20:28:18 -0400] "GET /wordpress/wp-includes/js/tinymce/plugins/colorpicker/plugin.min.js?wp-mce-4603-20170530 HTTP/1.1" 200 1017
::1 - - [20/Jul/2017:20:28:18 -0400] "GET /wordpress/wp-includes/js/tinymce/plugins/charmap/plugin.min.js?wp-mce-4603-20170530 HTTP/1.1" 200 3536
::1 - - [20/Jul/2017:20:28:18 -0400] "GET /wordpress/wp-includes/js/tinymce/themes/modern/theme.min.js?wp-mce-4603-20170530 HTTP/1.1" 200 5239
::1 - - [20/Jul/2017:20:28:18 -0400] "GET /wordpress/wp-includes/js/tinymce/plugins/lists/plugin.min.js?wp-mce-4603-20170530 HTTP/1.1" 200 4823
::1 - - [20/Jul/2017:20:28:18 -0400] "GET /wordpress/wp-includes/js/tinymce/plugins/hr/plugin.min.js?wp-mce-4603-20170530 HTTP/1.1" 200 600
::1 - - [20/Jul/2017:20:28:18 -0400] "GET /wordpress/wp-includes/js/tinymce/plugins/media/plugin.min.js?wp-mce-4603-20170530 HTTP/1.1" 200 5896
::1 - - [20/Jul/2017:20:28:18 -0400] "GET /wordpress/wp-includes/js/tinymce/plugins/textcolor/plugin.min.js?wp-mce-4603-20170530 HTTP/1.1" 200 2183
::1 - - [20/Jul/2017:20:28:18 -0400] "GET /wordpress/wp-includes/js/tinymce/plugins/tabfocus/plugin.min.js?wp-mce-4603-20170530 HTTP/1.1" 200 1152
::1 - - [20/Jul/2017:20:28:18 -0400] "GET /wordpress/wp-includes/js/tinymce/plugins/paste/plugin.min.js?wp-mce-4603-20170530 HTTP/1.1" 200 8025
::1 - - [20/Jul/2017:20:28:18 -0400] "GET /wordpress/wp-includes/js/tinymce/plugins/wpautoresize/plugin.min.js?wp-mce-4603-20170530 HTTP/1.1" 200 933
::1 - - [20/Jul/2017:20:28:18 -0400] "GET /wordpress/wp-includes/js/tinymce/plugins/wpemoji/plugin.min.js?wp-mce-4603-20170530 HTTP/1.1" 200 751
::1 - - [20/Jul/2017:20:28:18 -0400] "GET /wordpress/wp-includes/js/tinymce/plugins/wordpress/plugin.min.js?wp-mce-4603-20170530 HTTP/1.1" 200 5723
::1 - - [20/Jul/2017:20:28:18 -0400] "GET /wordpress/wp-includes/js/tinymce/plugins/wpeditimage/plugin.min.js?wp-mce-4603-20170530 HTTP/1.1" 200 5195
::1 - - [20/Jul/2017:20:28:18 -0400] "GET /wordpress/wp-includes/js/tinymce/plugins/wpgallery/plugin.min.js?wp-mce-4603-20170530 HTTP/1.1" 200 763
::1 - - [20/Jul/2017:20:28:18 -0400] "GET /wordpress/wp-includes/js/tinymce/plugins/wpdialogs/plugin.min.js?wp-mce-4603-20170530 HTTP/1.1" 200 649
::1 - - [20/Jul/2017:20:28:18 -0400] "GET /wordpress/wp-includes/js/tinymce/plugins/wplink/plugin.min.js?wp-mce-4603-20170530 HTTP/1.1" 200 3307
::1 - - [20/Jul/2017:20:28:18 -0400] "GET /wordpress/wp-includes/js/tinymce/plugins/wptextpattern/plugin.min.js?wp-mce-4603-20170530 HTTP/1.1" 200 1424
::1 - - [20/Jul/2017:20:28:18 -0400] "GET /wordpress/wp-includes/js/tinymce/plugins/fullscreen/plugin.min.js?wp-mce-4603-20170530 HTTP/1.1" 200 1140
::1 - - [20/Jul/2017:20:28:18 -0400] "GET /wordpress/wp-includes/js/tinymce/plugins/wpview/plugin.min.js?wp-mce-4603-20170530 HTTP/1.1" 200 1136
::1 - - [20/Jul/2017:20:28:18 -0400] "GET /wordpress/wp-admin/admin-ajax.php?action=oembed-cache&post=2 HTTP/1.1" 200 1
::1 - - [20/Jul/2017:20:28:19 -0400] "GET /wordpress/wp-includes/js/tinymce/skins/lightgray/skin.min.css?wp-mce-4603-20170530 HTTP/1.1" 200 7993
::1 - - [20/Jul/2017:20:28:19 -0400] "GET /wordpress/wp-includes/js/tinymce/skins/lightgray/content.min.css?wp-mce-4603-20170530 HTTP/1.1" 200 1230
::1 - - [20/Jul/2017:20:28:19 -0400] "GET /wordpress/wp-includes/css/dashicons.min.css?ver=4.8&wp-mce-4603-20170530 HTTP/1.1" 200 28612
::1 - - [20/Jul/2017:20:28:19 -0400] "GET /wordpress/wp-content/themes/twentyseventeen/assets/css/editor-style.css?wp-mce-4603-20170530 HTTP/1.1" 200 2331
::1 - - [20/Jul/2017:20:28:19 -0400] "GET /wordpress/wp-includes/js/tinymce/skins/wordpress/wp-content.css?ver=4.8&wp-mce-4603-20170530 HTTP/1.1" 200 2692
::1 - - [20/Jul/2017:20:29:18 -0400] "POST /wordpress/wp-admin/admin-ajax.php HTTP/1.1" 200 47
::1 - - [20/Jul/2017:20:31:18 -0400] "POST /wordpress/wp-admin/admin-ajax.php HTTP/1.1" 200 47
::1 - - [20/Jul/2017:20:33:18 -0400] "POST /wordpress/wp-admin/admin-ajax.php HTTP/1.1" 200 47
::1 - - [20/Jul/2017:20:35:18 -0400] "POST /wordpress/wp-admin/admin-ajax.php HTTP/1.1" 200 47
::1 - - [20/Jul/2017:20:37:18 -0400] "POST /wordpress/wp-admin/admin-ajax.php HTTP/1.1" 200 47
::1 - - [20/Jul/2017:20:39:18 -0400] "POST /wordpress/wp-admin/admin-ajax.php HTTP/1.1" 200 47
::1 - - [20/Jul/2017:20:41:18 -0400] "POST /wordpress/wp-admin/admin-ajax.php HTTP/1.1" 200 47
::1 - - [20/Jul/2017:20:43:18 -0400] "POST /wordpress/wp-admin/admin-ajax.php HTTP/1.1" 200 47
::1 - - [20/Jul/2017:20:44:18 -0400] "POST /wordpress/wp-admin/admin-ajax.php HTTP/1.1" 200 47
::1 - - [20/Jul/2017:20:44:19 -0400] "POST /wordpress/wp-admin/admin-ajax.php HTTP/1.1" 200 1
::1 - - [21/Jul/2017:14:31:46 -0400] "GET / HTTP/1.1" 200 875
::1 - - [21/Jul/2017:14:31:47 -0400] "GET /wordpress/ HTTP/1.1" 200 19053
::1 - - [21/Jul/2017:14:31:48 -0400] "GET /wordpress/wp-includes/css/dashicons.min.css?ver=4.8 HTTP/1.1" 200 28612
::1 - - [21/Jul/2017:14:31:48 -0400] "GET /wordpress/wp-includes/css/admin-bar.min.css?ver=4.8 HTTP/1.1" 200 3877
::1 - - [21/Jul/2017:14:31:48 -0400] "GET /wordpress/wp-content/themes/twentyseventeen/assets/js/skip-link-focus-fix.js?ver=1.0 HTTP/1.1" 200 416
::1 - - [21/Jul/2017:14:31:48 -0400] "GET /wordpress/wp-content/themes/twentyseventeen/assets/js/global.js?ver=1.0 HTTP/1.1" 200 2606
::1 - - [21/Jul/2017:14:31:48 -0400] "GET /wordpress/wp-includes/js/wp-embed.min.js?ver=4.8 HTTP/1.1" 200 751
::1 - - [21/Jul/2017:14:31:48 -0400] "GET /wordpress/wp-content/themes/twentyseventeen/assets/js/jquery.scrollTo.js?ver=2.1.2 HTTP/1.1" 200 2409
::1 - - [21/Jul/2017:14:31:48 -0400] "GET /wordpress/wp-includes/js/jquery/jquery-migrate.min.js?ver=1.4.1 HTTP/1.1" 200 4014
::1 - - [21/Jul/2017:14:31:48 -0400] "GET /wordpress/wp-includes/js/admin-bar.min.js?ver=4.8 HTTP/1.1" 200 2470
::1 - - [21/Jul/2017:14:31:48 -0400] "GET /wordpress/wp-content/themes/twentyseventeen/style.css?ver=4.8 HTTP/1.1" 200 15497
::1 - - [21/Jul/2017:14:31:48 -0400] "GET /wordpress/wp-includes/js/jquery/jquery.js?ver=1.12.4 HTTP/1.1" 200 33766
::1 - - [21/Jul/2017:14:31:48 -0400] "GET /wordpress/wp-content/themes/twentyseventeen/assets/images/header.jpg HTTP/1.1" 304 -
::1 - - [21/Jul/2017:14:31:47 -0400] "POST /wordpress/wp-cron.php?doing_wp_cron=1500661907.7720758914947509765625 HTTP/1.1" 200 -
::1 - - [21/Jul/2017:14:31:55 -0400] "GET /wordpress/wp-admin/ HTTP/1.1" 200 14047
::1 - - [21/Jul/2017:14:31:55 -0400] "GET /wordpress/wp-admin/load-styles.php?c=0&dir=ltr&load%5B%5D=dashicons,admin-bar,common,forms,admin-menu,dashboard,list-tables,edit,revisions,media,themes,about,nav-menus,widgets,site-icon,&load%5B%5D=l10n,buttons,wp-auth-check&ver=4.8 HTTP/1.1" 304 -
::1 - - [21/Jul/2017:14:31:55 -0400] "GET /wordpress/wp-includes/js/thickbox/thickbox.css?ver=4.8 HTTP/1.1" 200 932
::1 - - [21/Jul/2017:14:31:55 -0400] "GET /wordpress/wp-includes/css/editor.min.css?ver=4.8 HTTP/1.1" 200 5864
::1 - - [21/Jul/2017:14:31:55 -0400] "GET /wordpress/wp-admin/load-scripts.php?c=0&load%5B%5D=jquery-core,jquery-migrate,utils&ver=4.8 HTTP/1.1" 304 -
::1 - - [21/Jul/2017:14:31:55 -0400] "GET /wordpress/wp-admin/load-scripts.php?c=0&load%5B%5D=hoverIntent,common,admin-bar,wp-ajax-response,jquery-color,wp-lists,quicktags,jquery-query,admin-comments,jquery-ui-core,jquery-&load%5B%5D=ui-widget,jquery-ui-mouse,jquery-ui-sortable,postbox,underscore,wp-util,wp-a11y,dashboard,customize-base,customize-loader,thickb&load%5B%5D=ox,plugin-install,updates,shortcode,media-upload,svg-painter,heartbeat,wp-auth-check,wplink,jquery-ui-position,jquery-ui-menu,jq&load%5B%5D=uery-ui-autocomplete&ver=4.8 HTTP/1.1" 304 -
::1 - - [21/Jul/2017:14:31:55 -0400] "GET /wordpress/wp-includes/js/thickbox/loadingAnimation.gif HTTP/1.1" 304 -
::1 - - [21/Jul/2017:14:31:55 -0400] "POST /wordpress/wp-admin/admin-ajax.php HTTP/1.1" 200 1281
::1 - - [21/Jul/2017:14:31:57 -0400] "GET /wordpress/wp-admin/users.php HTTP/1.1" 200 8087
::1 - - [21/Jul/2017:14:31:57 -0400] "GET /wordpress/wp-admin/load-styles.php?c=0&dir=ltr&load%5B%5D=dashicons,admin-bar,common,forms,admin-menu,dashboard,list-tables,edit,revisions,media,themes,about,nav-menus,widgets,site-icon,&load%5B%5D=l10n,buttons,wp-auth-check&ver=4.8 HTTP/1.1" 304 -
::1 - - [21/Jul/2017:14:31:57 -0400] "GET /wordpress/wp-admin/load-scripts.php?c=0&load%5B%5D=jquery-core,jquery-migrate,utils&ver=4.8 HTTP/1.1" 304 -
::1 - - [21/Jul/2017:14:31:57 -0400] "GET /wordpress/wp-admin/load-scripts.php?c=0&load%5B%5D=hoverIntent,common,admin-bar,svg-painter,heartbeat,wp-auth-check&ver=4.8 HTTP/1.1" 304 -
::1 - - [21/Jul/2017:14:31:55 -0400] "GET /wordpress/wp-admin/admin-ajax.php?action=dashboard-widgets&widget=dashboard_primary&pagenow=dashboard HTTP/1.1" 200 423
::1 - - [21/Jul/2017:14:32:00 -0400] "GET /wordpress/wp-admin/user-new.php HTTP/1.1" 200 7525
::1 - - [21/Jul/2017:14:32:00 -0400] "GET /wordpress/wp-admin/load-styles.php?c=0&dir=ltr&load%5B%5D=dashicons,admin-bar,common,forms,admin-menu,dashboard,list-tables,edit,revisions,media,themes,about,nav-menus,widgets,site-icon,&load%5B%5D=l10n,buttons,wp-auth-check&ver=4.8 HTTP/1.1" 304 -
::1 - - [21/Jul/2017:14:32:00 -0400] "GET /wordpress/wp-admin/load-scripts.php?c=0&load%5B%5D=hoverIntent,common,admin-bar,wp-ajax-response,password-strength-meter,underscore,wp-util,user-profile,svg-painter,heartbeat,wp-a&load%5B%5D=uth-check&ver=4.8 HTTP/1.1" 304 -
::1 - - [21/Jul/2017:14:32:00 -0400] "GET /wordpress/wp-admin/load-scripts.php?c=0&load%5B%5D=jquery-core,jquery-migrate,utils,zxcvbn-async&ver=4.8 HTTP/1.1" 304 -
::1 - - [21/Jul/2017:14:32:01 -0400] "GET /wordpress/wp-includes/js/zxcvbn.min.js HTTP/1.1" 200 399635
::1 - - [21/Jul/2017:14:33:00 -0400] "POST /wordpress/wp-admin/admin-ajax.php HTTP/1.1" 200 47
::1 - - [21/Jul/2017:14:33:06 -0400] "POST /wordpress/wp-admin/user-new.php HTTP/1.1" 302 -
::1 - - [21/Jul/2017:14:33:08 -0400] "GET /wordpress/wp-admin/users.php?update=add&id=2 HTTP/1.1" 200 8358
::1 - - [21/Jul/2017:14:33:08 -0400] "GET /wordpress/wp-admin/load-styles.php?c=0&dir=ltr&load%5B%5D=dashicons,admin-bar,common,forms,admin-menu,dashboard,list-tables,edit,revisions,media,themes,about,nav-menus,widgets,site-icon,&load%5B%5D=l10n,buttons,wp-auth-check&ver=4.8 HTTP/1.1" 304 -
::1 - - [21/Jul/2017:14:33:08 -0400] "GET /wordpress/wp-admin/load-scripts.php?c=0&load%5B%5D=jquery-core,jquery-migrate,utils&ver=4.8 HTTP/1.1" 304 -
::1 - - [21/Jul/2017:14:33:08 -0400] "GET /wordpress/wp-admin/load-scripts.php?c=0&load%5B%5D=hoverIntent,common,admin-bar,svg-painter,heartbeat,wp-auth-check&ver=4.8 HTTP/1.1" 304 -
::1 - - [21/Jul/2017:14:33:12 -0400] "GET /wordpress/wp-admin/profile.php?wp_http_referer=%2Fwordpress%2Fwp-admin%2Fusers.php%3Fupdate%3Dadd%26id%3D2 HTTP/1.1" 200 9305
::1 - - [21/Jul/2017:14:33:12 -0400] "GET /wordpress/wp-admin/load-styles.php?c=0&dir=ltr&load%5B%5D=dashicons,admin-bar,common,forms,admin-menu,dashboard,list-tables,edit,revisions,media,themes,about,nav-menus,widgets,site-icon,&load%5B%5D=l10n,buttons,wp-auth-check&ver=4.8 HTTP/1.1" 304 -
::1 - - [21/Jul/2017:14:33:12 -0400] "GET /wordpress/wp-admin/load-scripts.php?c=0&load%5B%5D=jquery-core,jquery-migrate,utils,zxcvbn-async&ver=4.8 HTTP/1.1" 304 -
::1 - - [21/Jul/2017:14:33:12 -0400] "GET /wordpress/wp-admin/load-scripts.php?c=0&load%5B%5D=hoverIntent,common,admin-bar,password-strength-meter,underscore,wp-util,user-profile,svg-painter,heartbeat,wp-auth-check&ver=4.8 HTTP/1.1" 304 -
::1 - - [21/Jul/2017:14:33:12 -0400] "GET /wordpress/wp-includes/js/zxcvbn.min.js HTTP/1.1" 200 399635
::1 - - [21/Jul/2017:14:33:25 -0400] "POST /wordpress/wp-admin/profile.php HTTP/1.1" 302 -
::1 - - [21/Jul/2017:14:33:25 -0400] "GET /wordpress/wp-admin/profile.php?updated=1&wp_http_referer=%2Fwordpress%2Fwp-admin%2Fusers.php%3Fid%3D2 HTTP/1.1" 200 9362
::1 - - [21/Jul/2017:14:33:26 -0400] "GET /wordpress/wp-admin/load-styles.php?c=0&dir=ltr&load%5B%5D=dashicons,admin-bar,common,forms,admin-menu,dashboard,list-tables,edit,revisions,media,themes,about,nav-menus,widgets,site-icon,&load%5B%5D=l10n,buttons,wp-auth-check&ver=4.8 HTTP/1.1" 304 -
::1 - - [21/Jul/2017:14:33:26 -0400] "GET /wordpress/wp-admin/load-scripts.php?c=0&load%5B%5D=jquery-core,jquery-migrate,utils,zxcvbn-async&ver=4.8 HTTP/1.1" 304 -
::1 - - [21/Jul/2017:14:33:26 -0400] "GET /wordpress/wp-admin/load-scripts.php?c=0&load%5B%5D=hoverIntent,common,admin-bar,password-strength-meter,underscore,wp-util,user-profile,svg-painter,heartbeat,wp-auth-check&ver=4.8 HTTP/1.1" 304 -
::1 - - [21/Jul/2017:14:33:26 -0400] "GET /wordpress/wp-includes/js/zxcvbn.min.js HTTP/1.1" 200 399635
::1 - - [21/Jul/2017:14:33:29 -0400] "GET /wordpress/wp-admin/users.php HTTP/1.1" 200 8272
::1 - - [21/Jul/2017:14:33:29 -0400] "GET /wordpress/wp-admin/load-styles.php?c=0&dir=ltr&load%5B%5D=dashicons,admin-bar,common,forms,admin-menu,dashboard,list-tables,edit,revisions,media,themes,about,nav-menus,widgets,site-icon,&load%5B%5D=l10n,buttons,wp-auth-check&ver=4.8 HTTP/1.1" 304 -
::1 - - [21/Jul/2017:14:33:29 -0400] "GET /wordpress/wp-admin/load-scripts.php?c=0&load%5B%5D=jquery-core,jquery-migrate,utils&ver=4.8 HTTP/1.1" 304 -
::1 - - [21/Jul/2017:14:33:29 -0400] "GET /wordpress/wp-admin/load-scripts.php?c=0&load%5B%5D=hoverIntent,common,admin-bar,svg-painter,heartbeat,wp-auth-check&ver=4.8 HTTP/1.1" 304 -
::1 - - [21/Jul/2017:14:33:42 -0400] "GET /wordpress/wp-admin/profile.php?wp_http_referer=%2Fwordpress%2Fwp-admin%2Fusers.php HTTP/1.1" 200 9291
::1 - - [21/Jul/2017:14:33:42 -0400] "GET /wordpress/wp-admin/load-styles.php?c=0&dir=ltr&load%5B%5D=dashicons,admin-bar,common,forms,admin-menu,dashboard,list-tables,edit,revisions,media,themes,about,nav-menus,widgets,site-icon,&load%5B%5D=l10n,buttons,wp-auth-check&ver=4.8 HTTP/1.1" 304 -
::1 - - [21/Jul/2017:14:33:42 -0400] "GET /wordpress/wp-admin/load-scripts.php?c=0&load%5B%5D=hoverIntent,common,admin-bar,password-strength-meter,underscore,wp-util,user-profile,svg-painter,heartbeat,wp-auth-check&ver=4.8 HTTP/1.1" 304 -
::1 - - [21/Jul/2017:14:33:42 -0400] "GET /wordpress/wp-admin/load-scripts.php?c=0&load%5B%5D=jquery-core,jquery-migrate,utils,zxcvbn-async&ver=4.8 HTTP/1.1" 304 -
::1 - - [21/Jul/2017:14:33:42 -0400] "GET /wordpress/wp-includes/js/zxcvbn.min.js HTTP/1.1" 200 399635
::1 - - [21/Jul/2017:14:33:53 -0400] "POST /wordpress/wp-admin/profile.php HTTP/1.1" 302 -
::1 - - [21/Jul/2017:14:33:53 -0400] "GET /wordpress/wp-admin/profile.php?updated=1&wp_http_referer=%2Fwordpress%2Fwp-admin%2Fusers.php HTTP/1.1" 200 9350
::1 - - [21/Jul/2017:14:33:53 -0400] "GET /wordpress/wp-admin/load-styles.php?c=0&dir=ltr&load%5B%5D=dashicons,admin-bar,common,forms,admin-menu,dashboard,list-tables,edit,revisions,media,themes,about,nav-menus,widgets,site-icon,&load%5B%5D=l10n,buttons,wp-auth-check&ver=4.8 HTTP/1.1" 304 -
::1 - - [21/Jul/2017:14:33:53 -0400] "GET /wordpress/wp-admin/load-scripts.php?c=0&load%5B%5D=jquery-core,jquery-migrate,utils,zxcvbn-async&ver=4.8 HTTP/1.1" 304 -
::1 - - [21/Jul/2017:14:33:53 -0400] "GET /wordpress/wp-admin/load-scripts.php?c=0&load%5B%5D=hoverIntent,common,admin-bar,password-strength-meter,underscore,wp-util,user-profile,svg-painter,heartbeat,wp-auth-check&ver=4.8 HTTP/1.1" 304 -
::1 - - [21/Jul/2017:14:33:53 -0400] "GET /wordpress/wp-includes/js/zxcvbn.min.js HTTP/1.1" 200 399635
::1 - - [21/Jul/2017:14:33:55 -0400] "GET /wordpress/wp-admin/users.php HTTP/1.1" 200 8280
::1 - - [21/Jul/2017:14:33:55 -0400] "GET /wordpress/wp-admin/load-styles.php?c=0&dir=ltr&load%5B%5D=dashicons,admin-bar,common,forms,admin-menu,dashboard,list-tables,edit,revisions,media,themes,about,nav-menus,widgets,site-icon,&load%5B%5D=l10n,buttons,wp-auth-check&ver=4.8 HTTP/1.1" 304 -
::1 - - [21/Jul/2017:14:33:55 -0400] "GET /wordpress/wp-admin/load-scripts.php?c=0&load%5B%5D=jquery-core,jquery-migrate,utils&ver=4.8 HTTP/1.1" 304 -
::1 - - [21/Jul/2017:14:33:55 -0400] "GET /wordpress/wp-admin/load-scripts.php?c=0&load%5B%5D=hoverIntent,common,admin-bar,svg-painter,heartbeat,wp-auth-check&ver=4.8 HTTP/1.1" 304 -
::1 - - [21/Jul/2017:14:34:29 -0400] "GET /wordpress/wp-admin/users.php HTTP/1.1" 200 8281
::1 - - [21/Jul/2017:14:34:29 -0400] "GET /wordpress/wp-admin/load-styles.php?c=0&dir=ltr&load%5B%5D=dashicons,admin-bar,common,forms,admin-menu,dashboard,list-tables,edit,revisions,media,themes,about,nav-menus,widgets,site-icon,&load%5B%5D=l10n,buttons,wp-auth-check&ver=4.8 HTTP/1.1" 304 -
::1 - - [21/Jul/2017:14:34:29 -0400] "GET /wordpress/wp-admin/load-scripts.php?c=0&load%5B%5D=jquery-core,jquery-migrate,utils&ver=4.8 HTTP/1.1" 304 -
::1 - - [21/Jul/2017:14:34:29 -0400] "GET /wordpress/wp-admin/load-scripts.php?c=0&load%5B%5D=hoverIntent,common,admin-bar,svg-painter,heartbeat,wp-auth-check&ver=4.8 HTTP/1.1" 304 -
::1 - - [21/Jul/2017:14:34:31 -0400] "GET /wordpress/wp-admin/index.php HTTP/1.1" 200 14800
::1 - - [21/Jul/2017:14:34:32 -0400] "GET /wordpress/wp-admin/load-styles.php?c=0&dir=ltr&load%5B%5D=dashicons,admin-bar,common,forms,admin-menu,dashboard,list-tables,edit,revisions,media,themes,about,nav-menus,widgets,site-icon,&load%5B%5D=l10n,buttons,wp-auth-check&ver=4.8 HTTP/1.1" 304 -
::1 - - [21/Jul/2017:14:34:32 -0400] "GET /wordpress/wp-includes/js/thickbox/thickbox.css?ver=4.8 HTTP/1.1" 200 932
::1 - - [21/Jul/2017:14:34:32 -0400] "GET /wordpress/wp-admin/load-scripts.php?c=0&load%5B%5D=jquery-core,jquery-migrate,utils&ver=4.8 HTTP/1.1" 304 -
::1 - - [21/Jul/2017:14:34:32 -0400] "GET /wordpress/wp-admin/load-scripts.php?c=0&load%5B%5D=hoverIntent,common,admin-bar,wp-ajax-response,jquery-color,wp-lists,quicktags,jquery-query,admin-comments,jquery-ui-core,jquery-&load%5B%5D=ui-widget,jquery-ui-mouse,jquery-ui-sortable,postbox,underscore,wp-util,wp-a11y,dashboard,customize-base,customize-loader,thickb&load%5B%5D=ox,plugin-install,updates,shortcode,media-upload,svg-painter,heartbeat,wp-auth-check,wplink,jquery-ui-position,jquery-ui-menu,jq&load%5B%5D=uery-ui-autocomplete&ver=4.8 HTTP/1.1" 304 -
::1 - - [21/Jul/2017:14:34:32 -0400] "GET /wordpress/wp-includes/css/editor.min.css?ver=4.8 HTTP/1.1" 200 5864
::1 - - [21/Jul/2017:14:34:32 -0400] "GET /wordpress/wp-includes/js/thickbox/loadingAnimation.gif HTTP/1.1" 304 -
::1 - - [21/Jul/2017:14:35:02 -0400] "GET /wordpress/wp-admin/edit-comments.php HTTP/1.1" 200 11882
::1 - - [21/Jul/2017:14:35:02 -0400] "GET /wordpress/wp-admin/load-styles.php?c=0&dir=ltr&load%5B%5D=dashicons,admin-bar,common,forms,admin-menu,dashboard,list-tables,edit,revisions,media,themes,about,nav-menus,widgets,site-icon,&load%5B%5D=l10n,buttons,wp-auth-check&ver=4.8 HTTP/1.1" 304 -
::1 - - [21/Jul/2017:14:35:02 -0400] "GET /wordpress/wp-admin/load-scripts.php?c=0&load%5B%5D=jquery-core,jquery-migrate,utils&ver=4.8 HTTP/1.1" 304 -
::1 - - [21/Jul/2017:14:35:02 -0400] "GET /wordpress/wp-includes/css/editor.min.css?ver=4.8 HTTP/1.1" 200 5864
::1 - - [21/Jul/2017:14:35:02 -0400] "GET /wordpress/wp-admin/load-scripts.php?c=0&load%5B%5D=hoverIntent,common,admin-bar,wp-ajax-response,jquery-color,wp-lists,quicktags,jquery-query,admin-comments,svg-painter,heartbeat,&load%5B%5D=wp-auth-check,wp-a11y,wplink,jquery-ui-core,jquery-ui-widget,jquery-ui-position,jquery-ui-menu,jquery-ui-autocomplete&ver=4.8 HTTP/1.1" 200 40916
::1 - - [21/Jul/2017:14:35:17 -0400] "POST /wordpress/wp-admin/admin-ajax.php HTTP/1.1" 200 257
::1 - - [21/Jul/2017:14:35:20 -0400] "GET /wordpress/wp-admin/index.php HTTP/1.1" 200 11947
::1 - - [21/Jul/2017:14:35:20 -0400] "GET /wordpress/wp-admin/load-styles.php?c=0&dir=ltr&load%5B%5D=dashicons,admin-bar,common,forms,admin-menu,dashboard,list-tables,edit,revisions,media,themes,about,nav-menus,widgets,site-icon,&load%5B%5D=l10n,buttons,wp-auth-check&ver=4.8 HTTP/1.1" 304 -
::1 - - [21/Jul/2017:14:35:20 -0400] "GET /wordpress/wp-includes/js/thickbox/thickbox.css?ver=4.8 HTTP/1.1" 200 932
::1 - - [21/Jul/2017:14:35:20 -0400] "GET /wordpress/wp-admin/load-scripts.php?c=0&load%5B%5D=jquery-core,jquery-migrate,utils&ver=4.8 HTTP/1.1" 304 -
::1 - - [21/Jul/2017:14:35:20 -0400] "GET /wordpress/wp-admin/load-scripts.php?c=0&load%5B%5D=hoverIntent,common,admin-bar,wp-ajax-response,jquery-color,wp-lists,quicktags,jquery-query,admin-comments,jquery-ui-core,jquery-&load%5B%5D=ui-widget,jquery-ui-mouse,jquery-ui-sortable,postbox,underscore,wp-util,wp-a11y,dashboard,customize-base,customize-loader,thickb&load%5B%5D=ox,plugin-install,updates,shortcode,media-upload,svg-painter,heartbeat,wp-auth-check&ver=4.8 HTTP/1.1" 200 62831
::1 - - [21/Jul/2017:18:50:31 -0400] "GET / HTTP/1.1" 200 875
::1 - - [21/Jul/2017:18:50:31 -0400] "GET /bitnami.css HTTP/1.1" 200 698
::1 - - [21/Jul/2017:18:50:31 -0400] "GET /img/bitnami.png HTTP/1.1" 200 3738
::1 - - [21/Jul/2017:18:50:31 -0400] "GET /img/wordpress.png HTTP/1.1" 200 4826
::1 - - [21/Jul/2017:18:50:31 -0400] "GET /img/header_bg.png HTTP/1.1" 200 147
::1 - - [21/Jul/2017:18:50:31 -0400] "GET /img/sub_header_bg.png HTTP/1.1" 200 146
::1 - - [21/Jul/2017:18:50:35 -0400] "GET /wordpress/ HTTP/1.1" 200 17371
::1 - - [21/Jul/2017:18:51:23 -0400] "GET /wordpress/wp-includes/js/jquery/jquery-migrate.min.js?ver=1.4.1 HTTP/1.1" 200 4014
::1 - - [21/Jul/2017:18:51:22 -0400] "GET /wordpress/wp-content/themes/twentyseventeen/style.css?ver=4.8 HTTP/1.1" 200 15497
::1 - - [21/Jul/2017:18:51:23 -0400] "GET /wordpress/wp-content/themes/twentyseventeen/assets/js/skip-link-focus-fix.js?ver=1.0 HTTP/1.1" 200 416
::1 - - [21/Jul/2017:18:51:23 -0400] "GET /wordpress/wp-content/themes/twentyseventeen/assets/js/global.js?ver=1.0 HTTP/1.1" 200 2606
::1 - - [21/Jul/2017:18:51:24 -0400] "GET /wordpress/wp-content/themes/twentyseventeen/assets/js/jquery.scrollTo.js?ver=2.1.2 HTTP/1.1" 200 2409
::1 - - [21/Jul/2017:18:51:24 -0400] "GET /wordpress/wp-includes/js/wp-embed.min.js?ver=4.8 HTTP/1.1" 200 751
::1 - - [21/Jul/2017:18:51:24 -0400] "GET /wordpress/wp-content/themes/twentyseventeen/assets/images/header.jpg HTTP/1.1" 200 114854
::1 - - [21/Jul/2017:18:51:23 -0400] "GET /wordpress/wp-includes/js/jquery/jquery.js?ver=1.12.4 HTTP/1.1" 200 33766
::1 - - [21/Jul/2017:18:51:24 -0400] "GET /wordpress/wp-includes/js/wp-emoji-release.min.js?ver=4.8 HTTP/1.1" 200 4299
::1 - - [21/Jul/2017:19:17:22 -0400] "GET /wordpress/ HTTP/1.1" 200 17372
::1 - - [21/Jul/2017:19:21:13 -0400] "GET /wordpress/ HTTP/1.1" 200 17372
::1 - - [21/Jul/2017:19:21:44 -0400] "GET /wordpress/wp-login.php HTTP/1.1" 200 1136
::1 - - [21/Jul/2017:19:21:52 -0400] "GET /wordpress/wp-admin/load-styles.php?c=0&dir=ltr&load%5B%5D=dashicons,buttons,forms,l10n,login&ver=4.8 HTTP/1.1" 200 36006
::1 - - [21/Jul/2017:19:21:55 -0400] "GET /wordpress/wp-admin/images/wordpress-logo.svg?ver=20131107 HTTP/1.1" 200 1521
::1 - - [21/Jul/2017:19:22:28 -0400] "POST /wordpress/wp-login.php HTTP/1.1" 302 -
::1 - - [21/Jul/2017:19:22:30 -0400] "GET /wordpress/wp-admin/ HTTP/1.1" 200 11508
::1 - - [21/Jul/2017:19:24:01 -0400] "GET /wordpress/wp-includes/js/thickbox/thickbox.css?ver=4.8 HTTP/1.1" 200 932
::1 - - [21/Jul/2017:19:24:01 -0400] "GET /wordpress/wp-admin/load-styles.php?c=0&dir=ltr&load%5B%5D=dashicons,admin-bar,common,forms,admin-menu,dashboard,list-tables,edit,revisions,media,themes,about,nav-menus,widgets,site-icon,&load%5B%5D=l10n,buttons,wp-auth-check&ver=4.8 HTTP/1.1" 200 81703
::1 - - [21/Jul/2017:19:24:01 -0400] "GET /wordpress/wp-admin/load-scripts.php?c=0&load%5B%5D=jquery-core,jquery-migrate,utils&ver=4.8 HTTP/1.1" 200 37813
::1 - - [21/Jul/2017:19:24:07 -0400] "GET /wordpress/wp-includes/js/wp-emoji-release.min.js?ver=4.8 HTTP/1.1" 200 4299
::1 - - [21/Jul/2017:19:24:05 -0400] "GET /wordpress/wp-admin/load-scripts.php?c=0&load%5B%5D=hoverIntent,common,admin-bar,wp-ajax-response,jquery-color,wp-lists,quicktags,jquery-query,admin-comments,jquery-ui-core,jquery-&load%5B%5D=ui-widget,jquery-ui-mouse,jquery-ui-sortable,postbox,underscore,wp-util,wp-a11y,dashboard,customize-base,customize-loader,thickb&load%5B%5D=ox,plugin-install,updates,shortcode,media-upload,svg-painter,heartbeat,wp-auth-check&ver=4.8 HTTP/1.1" 200 62831
::1 - - [21/Jul/2017:19:24:26 -0400] "GET /wordpress/wp-includes/js/thickbox/loadingAnimation.gif HTTP/1.1" 200 15238
::1 - - [21/Jul/2017:19:24:25 -0400] "POST /wordpress/wp-admin/admin-ajax.php HTTP/1.1" 200 60
::1 - - [21/Jul/2017:19:25:25 -0400] "POST /wordpress/wp-admin/admin-ajax.php HTTP/1.1" 200 47
::1 - - [21/Jul/2017:19:25:35 -0400] "GET /wordpress/ HTTP/1.1" 200 19011
::1 - - [21/Jul/2017:19:25:36 -0400] "GET /wordpress/wp-includes/css/dashicons.min.css?ver=4.8 HTTP/1.1" 200 28612
::1 - - [21/Jul/2017:19:25:36 -0400] "GET /wordpress/wp-includes/css/admin-bar.min.css?ver=4.8 HTTP/1.1" 200 3877
::1 - - [21/Jul/2017:19:25:36 -0400] "GET /wordpress/wp-includes/js/jquery/jquery-migrate.min.js?ver=1.4.1 HTTP/1.1" 200 4014
::1 - - [21/Jul/2017:19:25:36 -0400] "GET /wordpress/wp-includes/js/jquery/jquery.js?ver=1.12.4 HTTP/1.1" 200 33766
::1 - - [21/Jul/2017:19:25:37 -0400] "GET /wordpress/wp-content/themes/twentyseventeen/style.css?ver=4.8 HTTP/1.1" 200 15497
::1 - - [21/Jul/2017:19:25:37 -0400] "GET /wordpress/wp-includes/js/admin-bar.min.js?ver=4.8 HTTP/1.1" 200 2470
::1 - - [21/Jul/2017:19:25:37 -0400] "GET /wordpress/wp-content/themes/twentyseventeen/assets/js/skip-link-focus-fix.js?ver=1.0 HTTP/1.1" 200 416
::1 - - [21/Jul/2017:19:25:37 -0400] "GET /wordpress/wp-content/themes/twentyseventeen/assets/js/global.js?ver=1.0 HTTP/1.1" 200 2606
::1 - - [21/Jul/2017:19:25:38 -0400] "GET /wordpress/wp-content/themes/twentyseventeen/assets/js/jquery.scrollTo.js?ver=2.1.2 HTTP/1.1" 200 2409
::1 - - [21/Jul/2017:19:25:38 -0400] "GET /wordpress/wp-includes/js/wp-embed.min.js?ver=4.8 HTTP/1.1" 200 751
::1 - - [21/Jul/2017:19:25:39 -0400] "GET /wordpress/wp-content/themes/twentyseventeen/assets/images/header.jpg HTTP/1.1" 304 -
