[Thu Jul 20 20:01:18.749620 2017] [ssl:warn] [pid 2948:tid 740] AH01909: localhost:443:0 server certificate does NOT include an ID which matches the server name
[Thu Jul 20 20:01:18.864511 2017] [ssl:warn] [pid 2948:tid 740] AH01909: localhost:443:0 server certificate does NOT include an ID which matches the server name
[Thu Jul 20 20:01:18.890099 2017] [mpm_winnt:notice] [pid 2948:tid 740] AH00455: Apache/2.4.25 (Win32) OpenSSL/1.0.2j PHP/7.0.18 configured -- resuming normal operations
[Thu Jul 20 20:01:18.890600 2017] [mpm_winnt:notice] [pid 2948:tid 740] AH00456: Apache Lounge VC14 Server built: Dec 17 2016 10:42:52
[Thu Jul 20 20:01:18.890600 2017] [core:notice] [pid 2948:tid 740] AH00094: Command line: 'C:\\Bitnami\\WORDPR~1.8-0\\apache2\\bin\\httpd.exe -d C:/Bitnami/wordpress-4.8-0/apache2 -f C:\\Bitnami\\WORDPR~1.8-0\\apache2\\conf\\httpd.conf'
[Thu Jul 20 20:01:18.895116 2017] [mpm_winnt:notice] [pid 2948:tid 740] AH00418: Parent: Created child process 3240
[Thu Jul 20 20:01:19.236307 2017] [ssl:warn] [pid 3240:tid 576] AH01909: localhost:443:0 server certificate does NOT include an ID which matches the server name
[Thu Jul 20 20:01:19.352202 2017] [ssl:warn] [pid 3240:tid 576] AH01909: localhost:443:0 server certificate does NOT include an ID which matches the server name
[Thu Jul 20 20:01:19.363240 2017] [mpm_winnt:notice] [pid 3240:tid 576] AH00354: Child: Starting 64 worker threads.
[Thu Jul 20 20:01:24.310625 2017] [mpm_winnt:notice] [pid 2948:tid 740] AH00422: Parent: Received shutdown signal -- Shutting down the server.
[Thu Jul 20 20:01:26.312187 2017] [mpm_winnt:notice] [pid 3240:tid 576] AH00364: Child: All worker threads have exited.
[Thu Jul 20 20:01:26.336779 2017] [mpm_winnt:notice] [pid 2948:tid 740] AH00430: Parent: Child process 3240 exited successfully.
[Thu Jul 20 20:01:28.103386 2017] [ssl:warn] [pid 7888:tid 680] AH01909: localhost:443:0 server certificate does NOT include an ID which matches the server name
[Thu Jul 20 20:01:28.227810 2017] [ssl:warn] [pid 7888:tid 680] AH01909: localhost:443:0 server certificate does NOT include an ID which matches the server name
[Thu Jul 20 20:01:28.239851 2017] [mpm_winnt:notice] [pid 7888:tid 680] AH00455: Apache/2.4.25 (Win32) OpenSSL/1.0.2j PHP/7.0.18 configured -- resuming normal operations
[Thu Jul 20 20:01:28.239851 2017] [mpm_winnt:notice] [pid 7888:tid 680] AH00456: Apache Lounge VC14 Server built: Dec 17 2016 10:42:52
[Thu Jul 20 20:01:28.239851 2017] [core:notice] [pid 7888:tid 680] AH00094: Command line: 'C:\\Bitnami\\WORDPR~1.8-0\\apache2\\bin\\httpd.exe -d C:/Bitnami/wordpress-4.8-0/apache2 -f C:\\Bitnami\\WORDPR~1.8-0\\apache2\\conf\\httpd.conf'
[Thu Jul 20 20:01:28.243865 2017] [mpm_winnt:notice] [pid 7888:tid 680] AH00418: Parent: Created child process 3624
[Thu Jul 20 20:01:28.693887 2017] [ssl:warn] [pid 3624:tid 628] AH01909: localhost:443:0 server certificate does NOT include an ID which matches the server name
[Thu Jul 20 20:01:28.804263 2017] [ssl:warn] [pid 3624:tid 628] AH01909: localhost:443:0 server certificate does NOT include an ID which matches the server name
[Thu Jul 20 20:01:28.814798 2017] [mpm_winnt:notice] [pid 3624:tid 628] AH00354: Child: Starting 64 worker threads.
[Thu Jul 20 20:01:38.031867 2017] [mpm_winnt:notice] [pid 7888:tid 680] AH00422: Parent: Received shutdown signal -- Shutting down the server.
[Thu Jul 20 20:01:40.033264 2017] [mpm_winnt:notice] [pid 3624:tid 628] AH00364: Child: All worker threads have exited.
[Thu Jul 20 20:01:40.056343 2017] [mpm_winnt:notice] [pid 7888:tid 680] AH00430: Parent: Child process 3624 exited successfully.
[Thu Jul 20 20:01:41.803087 2017] [ssl:warn] [pid 4276:tid 668] AH01909: localhost:443:0 server certificate does NOT include an ID which matches the server name
[Thu Jul 20 20:01:41.930019 2017] [ssl:warn] [pid 4276:tid 668] AH01909: localhost:443:0 server certificate does NOT include an ID which matches the server name
[Thu Jul 20 20:01:41.943566 2017] [mpm_winnt:notice] [pid 4276:tid 668] AH00455: Apache/2.4.25 (Win32) OpenSSL/1.0.2j PHP/7.0.18 configured -- resuming normal operations
[Thu Jul 20 20:01:41.943566 2017] [mpm_winnt:notice] [pid 4276:tid 668] AH00456: Apache Lounge VC14 Server built: Dec 17 2016 10:42:52
[Thu Jul 20 20:01:41.943566 2017] [core:notice] [pid 4276:tid 668] AH00094: Command line: 'C:\\Bitnami\\WORDPR~1.8-0\\apache2\\bin\\httpd.exe -d C:/Bitnami/wordpress-4.8-0/apache2 -f C:\\Bitnami\\WORDPR~1.8-0\\apache2\\conf\\httpd.conf'
[Thu Jul 20 20:01:41.948082 2017] [mpm_winnt:notice] [pid 4276:tid 668] AH00418: Parent: Created child process 5040
[Thu Jul 20 20:01:42.311820 2017] [ssl:warn] [pid 5040:tid 208] AH01909: localhost:443:0 server certificate does NOT include an ID which matches the server name
[Thu Jul 20 20:01:42.432733 2017] [ssl:warn] [pid 5040:tid 208] AH01909: localhost:443:0 server certificate does NOT include an ID which matches the server name
[Thu Jul 20 20:01:42.444271 2017] [mpm_winnt:notice] [pid 5040:tid 208] AH00354: Child: Starting 64 worker threads.
